TN:
SF:src\App.tsx
FN:30,App
FNF:1
FNH:0
FNDA:0,App
DA:31,0
LF:1
LH:0
BRF:0
BRH:0
end_of_record
TN:
SF:src\api\axiosInstance.ts
FN:11,(anonymous_0)
FN:18,(anonymous_1)
FNF:2
FNH:0
FNDA:0,(anonymous_0)
FNDA:0,(anonymous_1)
DA:3,0
DA:10,0
DA:12,0
DA:13,0
DA:14,0
DA:16,0
DA:18,0
LF:7
LH:0
BRDA:13,0,0,0
BRDA:13,0,1,0
BRF:2
BRH:0
end_of_record
TN:
SF:src\components\BackButton.tsx
FN:11,BackButton
FN:14,(anonymous_1)
FNF:2
FNH:2
FNDA:6,BackButton
FNDA:1,(anonymous_1)
DA:12,6
DA:14,6
DA:15,1
DA:16,1
DA:17,0
DA:18,0
DA:20,0
DA:24,6
LF:8
LH:5
BRDA:11,0,0,6
BRDA:15,1,0,1
BRDA:15,1,1,0
BRDA:17,2,0,0
BRDA:17,2,1,0
BRF:5
BRH:2
end_of_record
TN:
SF:src\components\CourseCard.tsx
FN:17,CourseCard
FN:22,(anonymous_1)
FN:53,(anonymous_2)
FNF:3
FNH:1
FNDA:11,CourseCard
FNDA:0,(anonymous_1)
FNDA:0,(anonymous_2)
DA:18,11
DA:20,11
DA:22,0
DA:54,0
DA:55,0
LF:5
LH:2
BRDA:28,0,0,11
BRDA:28,0,1,10
BRDA:28,0,2,2
BRDA:31,1,0,2
BRDA:31,1,1,1
BRDA:36,2,0,2
BRDA:36,2,1,1
BRDA:61,3,0,2
BRDA:61,3,1,9
BRF:9
BRH:9
end_of_record
TN:
SF:src\components\ErrorBoundary.tsx
FN:17,(anonymous_0)
FN:26,(anonymous_1)
FN:36,(anonymous_2)
FN:48,(anonymous_3)
FN:53,(anonymous_4)
FNF:5
FNH:4
FNDA:10,(anonymous_0)
FNDA:1,(anonymous_1)
FNDA:4,(anonymous_2)
FNDA:0,(anonymous_3)
FNDA:21,(anonymous_4)
DA:18,10
DA:19,10
DA:28,8
DA:38,4
DA:39,4
DA:40,4
DA:43,4
DA:48,0
DA:50,0
DA:54,21
DA:55,12
DA:108,9
LF:12
LH:10
BRDA:54,0,0,12
BRDA:54,0,1,9
BRDA:85,1,0,12
BRDA:85,1,1,12
BRDA:85,1,2,12
BRDA:94,2,0,12
BRDA:94,2,1,12
BRF:7
BRH:7
end_of_record
TN:
SF:src\components\FilterSidebar.tsx
FN:24,FilterSidebar
FN:44,(anonymous_1)
FN:58,(anonymous_2)
FN:99,(anonymous_3)
FN:103,(anonymous_4)
FN:118,(anonymous_5)
FN:138,(anonymous_6)
FN:146,(anonymous_7)
FN:160,(anonymous_8)
FN:177,(anonymous_9)
FNF:10
FNH:0
FNDA:0,FilterSidebar
FNDA:0,(anonymous_1)
FNDA:0,(anonymous_2)
FNDA:0,(anonymous_3)
FNDA:0,(anonymous_4)
FNDA:0,(anonymous_5)
FNDA:0,(anonymous_6)
FNDA:0,(anonymous_7)
FNDA:0,(anonymous_8)
FNDA:0,(anonymous_9)
DA:44,0
DA:45,0
DA:52,0
DA:53,0
DA:54,0
DA:58,0
DA:59,0
DA:60,0
DA:61,0
DA:62,0
DA:63,0
DA:64,0
DA:68,0
DA:99,0
DA:104,0
DA:118,0
DA:138,0
DA:146,0
DA:160,0
DA:177,0
DA:189,0
DA:190,0
DA:193,0
LF:23
LH:0
BRDA:40,0,0,0
BRDA:53,1,0,0
BRDA:53,1,1,0
BRDA:59,2,0,0
BRDA:59,2,1,0
BRDA:59,3,0,0
BRDA:59,3,1,0
BRDA:60,4,0,0
BRDA:60,4,1,0
BRDA:60,5,0,0
BRDA:60,5,1,0
BRDA:61,6,0,0
BRDA:61,6,1,0
BRDA:61,7,0,0
BRDA:61,7,1,0
BRDA:62,8,0,0
BRDA:62,8,1,0
BRDA:62,9,0,0
BRDA:62,9,1,0
BRDA:63,10,0,0
BRDA:63,10,1,0
BRDA:81,11,0,0
BRDA:81,11,1,0
BRDA:189,12,0,0
BRDA:189,12,1,0
BRF:25
BRH:0
end_of_record
TN:
SF:src\components\FloatingCartButton.tsx
FN:5,FloatingCartButton
FN:9,(anonymous_1)
FN:12,(anonymous_2)
FN:35,(anonymous_3)
FNF:4
FNH:2
FNDA:4,FloatingCartButton
FNDA:3,(anonymous_1)
FNDA:0,(anonymous_2)
FNDA:0,(anonymous_3)
DA:6,4
DA:7,4
DA:9,4
DA:12,4
DA:13,0
DA:14,0
DA:18,4
DA:19,1
DA:31,3
DA:33,2
DA:35,0
LF:11
LH:8
BRDA:18,0,0,1
BRDA:18,0,1,3
BRDA:31,1,0,1
BRDA:31,1,1,2
BRF:4
BRH:4
end_of_record
TN:
SF:src\components\Footer.tsx
FN:3,Footer
FN:23,(anonymous_1)
FNF:2
FNH:0
FNDA:0,Footer
FNDA:0,(anonymous_1)
DA:4,0
DA:12,0
DA:24,0
LF:3
LH:0
BRDA:24,0,0,0
BRDA:24,0,1,0
BRF:2
BRH:0
end_of_record
TN:
SF:src\components\GlobalSearch.tsx
FN:19,GlobalSearch
FN:31,(anonymous_1)
FN:32,(anonymous_2)
FN:71,(anonymous_3)
FN:79,(anonymous_4)
FN:80,(anonymous_5)
FN:86,(anonymous_6)
FN:96,(anonymous_7)
FN:102,(anonymous_8)
FN:110,(anonymous_9)
FN:117,(anonymous_10)
FN:134,(anonymous_11)
FN:163,(anonymous_12)
FN:166,(anonymous_13)
FN:193,(anonymous_14)
FN:211,(anonymous_15)
FN:214,(anonymous_16)
FN:239,(anonymous_17)
FNF:18
FNH:0
FNDA:0,GlobalSearch
FNDA:0,(anonymous_1)
FNDA:0,(anonymous_2)
FNDA:0,(anonymous_3)
FNDA:0,(anonymous_4)
FNDA:0,(anonymous_5)
FNDA:0,(anonymous_6)
FNDA:0,(anonymous_7)
FNDA:0,(anonymous_8)
FNDA:0,(anonymous_9)
FNDA:0,(anonymous_10)
FNDA:0,(anonymous_11)
FNDA:0,(anonymous_12)
FNDA:0,(anonymous_13)
FNDA:0,(anonymous_14)
FNDA:0,(anonymous_15)
FNDA:0,(anonymous_16)
FNDA:0,(anonymous_17)
DA:20,0
DA:21,0
DA:22,0
DA:23,0
DA:24,0
DA:25,0
DA:26,0
DA:27,0
DA:28,0
DA:31,0
DA:32,0
DA:33,0
DA:34,0
DA:35,0
DA:36,0
DA:40,0
DA:41,0
DA:45,0
DA:47,0
DA:48,0
DA:49,0
DA:57,0
DA:58,0
DA:60,0
DA:61,0
DA:62,0
DA:65,0
DA:69,0
DA:71,0
DA:72,0
DA:73,0
DA:79,0
DA:80,0
DA:81,0
DA:82,0
DA:86,0
DA:87,0
DA:88,0
DA:89,0
DA:93,0
DA:94,0
DA:96,0
DA:97,0
DA:98,0
DA:102,0
DA:103,0
DA:104,0
DA:105,0
DA:106,0
DA:107,0
DA:110,0
DA:111,0
DA:112,0
DA:113,0
DA:117,0
DA:118,0
DA:119,0
DA:120,0
DA:121,0
DA:124,0
DA:126,0
DA:134,0
DA:164,0
DA:166,0
DA:193,0
DA:212,0
DA:214,0
DA:239,0
LF:68
LH:0
BRDA:33,0,0,0
BRDA:33,0,1,0
BRDA:40,1,0,0
BRDA:40,1,1,0
BRDA:60,2,0,0
BRDA:60,2,1,0
BRDA:72,3,0,0
BRDA:72,3,1,0
BRDA:81,4,0,0
BRDA:81,4,1,0
BRDA:81,5,0,0
BRDA:81,5,1,0
BRDA:87,6,0,0
BRDA:87,6,1,0
BRDA:103,7,0,0
BRDA:103,7,1,0
BRDA:111,8,0,0
BRDA:111,8,1,0
BRDA:111,9,0,0
BRDA:111,9,1,0
BRDA:124,10,0,0
BRDA:124,10,1,0
BRDA:124,10,2,0
BRDA:139,11,0,0
BRDA:139,11,1,0
BRDA:145,12,0,0
BRDA:145,12,1,0
BRDA:145,12,2,0
BRDA:147,13,0,0
BRDA:147,13,1,0
BRDA:147,14,0,0
BRDA:147,14,1,0
BRDA:152,15,0,0
BRDA:152,15,1,0
BRDA:155,16,0,0
BRDA:155,16,1,0
BRDA:175,17,0,0
BRDA:175,17,1,0
BRDA:180,18,0,0
BRDA:180,18,1,0
BRDA:191,19,0,0
BRDA:191,19,1,0
BRDA:203,20,0,0
BRDA:203,20,1,0
BRDA:222,21,0,0
BRDA:222,21,1,0
BRDA:228,22,0,0
BRDA:228,22,1,0
BRDA:237,23,0,0
BRDA:237,23,1,0
BRF:50
BRH:0
end_of_record
TN:
SF:src\components\KitCard.tsx
FN:15,KitCard
FN:20,(anonymous_1)
FN:49,(anonymous_2)
FNF:3
FNH:2
FNDA:9,KitCard
FNDA:0,(anonymous_1)
FNDA:1,(anonymous_2)
DA:16,9
DA:18,9
DA:20,0
DA:50,1
DA:51,1
LF:5
LH:4
BRDA:24,0,0,8
BRDA:24,0,1,1
BRDA:47,1,0,9
BRDA:47,1,1,2
BRF:4
BRH:4
end_of_record
TN:
SF:src\components\KitFilterSidebar.tsx
FN:25,KitFilterSidebar
FN:46,(anonymous_1)
FN:60,(anonymous_2)
FN:101,(anonymous_3)
FN:105,(anonymous_4)
FN:123,(anonymous_5)
FN:131,(anonymous_6)
FN:148,(anonymous_7)
FN:165,(anonymous_8)
FN:180,(anonymous_9)
FNF:10
FNH:0
FNDA:0,KitFilterSidebar
FNDA:0,(anonymous_1)
FNDA:0,(anonymous_2)
FNDA:0,(anonymous_3)
FNDA:0,(anonymous_4)
FNDA:0,(anonymous_5)
FNDA:0,(anonymous_6)
FNDA:0,(anonymous_7)
FNDA:0,(anonymous_8)
FNDA:0,(anonymous_9)
DA:46,0
DA:47,0
DA:54,0
DA:55,0
DA:56,0
DA:60,0
DA:61,0
DA:62,0
DA:63,0
DA:64,0
DA:65,0
DA:66,0
DA:70,0
DA:101,0
DA:106,0
DA:123,0
DA:131,0
DA:148,0
DA:165,0
DA:180,0
DA:192,0
DA:193,0
DA:196,0
LF:23
LH:0
BRDA:42,0,0,0
BRDA:55,1,0,0
BRDA:55,1,1,0
BRDA:61,2,0,0
BRDA:61,2,1,0
BRDA:61,3,0,0
BRDA:61,3,1,0
BRDA:62,4,0,0
BRDA:62,4,1,0
BRDA:62,5,0,0
BRDA:62,5,1,0
BRDA:63,6,0,0
BRDA:63,6,1,0
BRDA:64,7,0,0
BRDA:64,7,1,0
BRDA:65,8,0,0
BRDA:65,8,1,0
BRDA:83,9,0,0
BRDA:83,9,1,0
BRDA:136,10,0,0
BRDA:136,10,1,0
BRDA:192,11,0,0
BRDA:192,11,1,0
BRF:23
BRH:0
end_of_record
TN:
SF:src\components\PageHeader.tsx
FN:11,PageHeader
FNF:1
FNH:1
FNDA:7,PageHeader
DA:12,7
LF:1
LH:1
BRDA:11,0,0,7
BRDA:14,1,0,7
BRDA:14,1,1,1
BRDA:17,2,0,7
BRDA:17,2,1,1
BRF:5
BRH:5
end_of_record
TN:
SF:src\components\PaymentNotification.tsx
FN:11,PaymentNotification
FN:18,(anonymous_1)
FN:21,(anonymous_2)
FN:26,(anonymous_3)
FN:27,(anonymous_4)
FN:33,(anonymous_5)
FNF:6
FNH:6
FNDA:9,PaymentNotification
FNDA:9,(anonymous_1)
FNDA:1,(anonymous_2)
FNDA:20,(anonymous_3)
FNDA:1,(anonymous_4)
FNDA:3,(anonymous_5)
DA:16,9
DA:18,9
DA:19,9
DA:21,3
DA:22,1
DA:26,3
DA:27,20
DA:28,1
DA:29,1
DA:33,3
DA:34,3
DA:35,3
DA:40,9
DA:42,9
LF:14
LH:14
BRDA:19,0,0,3
BRDA:19,0,1,6
BRDA:19,1,0,9
BRDA:19,1,1,3
BRDA:29,2,0,0
BRDA:29,2,1,1
BRDA:48,3,0,5
BRDA:48,3,1,4
BRDA:53,4,0,5
BRDA:53,4,1,4
BRDA:66,5,0,5
BRDA:66,5,1,4
BRDA:71,6,0,5
BRDA:71,6,1,4
BRDA:77,7,0,9
BRDA:77,7,1,5
BRDA:77,7,2,2
BRDA:87,8,0,9
BRDA:87,8,1,4
BRF:19
BRH:18
end_of_record
TN:
SF:src\components\ProtectedAdminRoute.tsx
FN:4,(anonymous_0)
FNF:1
FNH:0
FNDA:0,(anonymous_0)
DA:4,0
DA:5,0
DA:8,0
DA:9,0
DA:13,0
DA:14,0
DA:18,0
LF:7
LH:0
BRDA:8,0,0,0
BRDA:8,0,1,0
BRDA:8,1,0,0
BRDA:8,1,1,0
BRDA:13,2,0,0
BRDA:13,2,1,0
BRF:6
BRH:0
end_of_record
TN:
SF:src\components\ui\Sidebar.tsx
FN:15,Sidebar
FN:16,(anonymous_1)
FN:17,(anonymous_2)
FN:21,(anonymous_3)
FN:26,(anonymous_4)
FN:49,(anonymous_5)
FN:52,(anonymous_6)
FN:63,(anonymous_7)
FNF:8
FNH:0
FNDA:0,Sidebar
FNDA:0,(anonymous_1)
FNDA:0,(anonymous_2)
FNDA:0,(anonymous_3)
FNDA:0,(anonymous_4)
FNDA:0,(anonymous_5)
FNDA:0,(anonymous_6)
FNDA:0,(anonymous_7)
DA:16,0
DA:17,0
DA:18,0
DA:19,0
DA:21,0
DA:22,0
DA:23,0
DA:26,0
DA:28,0
DA:38,0
DA:39,0
DA:40,0
DA:42,0
DA:50,0
DA:52,0
DA:63,0
LF:16
LH:0
BRDA:53,0,0,0
BRDA:53,0,1,0
BRDA:61,1,0,0
BRDA:61,1,1,0
BRDA:64,2,0,0
BRDA:64,2,1,0
BRF:6
BRH:0
end_of_record
TN:
SF:src\components\ui\TablePagination.tsx
FN:11,TablePagination
FN:17,(anonymous_1)
FN:20,(anonymous_2)
FN:20,(anonymous_3)
FN:23,(anonymous_4)
FN:54,(anonymous_5)
FN:58,(anonymous_6)
FN:87,(anonymous_7)
FN:100,(anonymous_8)
FNF:9
FNH:0
FNDA:0,TablePagination
FNDA:0,(anonymous_1)
FNDA:0,(anonymous_2)
FNDA:0,(anonymous_3)
FNDA:0,(anonymous_4)
FNDA:0,(anonymous_5)
FNDA:0,(anonymous_6)
FNDA:0,(anonymous_7)
FNDA:0,(anonymous_8)
DA:17,0
DA:18,0
DA:20,0
DA:21,0
DA:23,0
DA:38,0
DA:40,0
DA:41,0
DA:42,0
DA:45,0
DA:46,0
DA:49,0
DA:50,0
DA:51,0
DA:54,0
DA:55,0
DA:58,0
DA:77,0
DA:87,0
DA:100,0
LF:20
LH:0
BRDA:18,0,0,0
BRDA:18,0,1,0
BRDA:24,1,0,0
BRDA:24,1,1,0
BRDA:27,2,0,0
BRDA:27,2,1,0
BRDA:40,3,0,0
BRDA:40,3,1,0
BRDA:42,4,0,0
BRDA:42,4,1,0
BRDA:49,5,0,0
BRDA:49,5,1,0
BRDA:50,6,0,0
BRDA:50,6,1,0
BRDA:55,7,0,0
BRDA:55,7,1,0
BRDA:59,8,0,0
BRDA:59,8,1,0
BRDA:62,9,0,0
BRDA:62,9,1,0
BRF:20
BRH:0
end_of_record
TN:
SF:src\components\ui\button.tsx
FN:41,Button
FNF:1
FNH:1
FNDA:29,Button
DA:7,4
DA:51,29
DA:53,29
LF:3
LH:3
BRDA:43,0,0,29
BRDA:44,1,0,29
BRDA:45,2,0,29
BRDA:51,3,0,0
BRDA:51,3,1,29
BRF:5
BRH:4
end_of_record
TN:
SF:src\components\ui\card.tsx
FN:5,Card
FN:18,CardHeader
FN:31,CardTitle
FN:41,CardDescription
FN:51,CardAction
FN:64,CardContent
FN:74,CardFooter
FNF:7
FNH:4
FNDA:23,Card
FNDA:23,CardHeader
FNDA:23,CardTitle
FNDA:0,CardDescription
FNDA:0,CardAction
FNDA:23,CardContent
FNDA:0,CardFooter
DA:6,23
DA:19,23
DA:32,23
DA:42,0
DA:52,0
DA:65,23
DA:75,0
LF:7
LH:4
BRF:0
BRH:0
end_of_record
TN:
SF:src\components\ui\input.tsx
FN:5,Input
FNF:1
FNH:0
FNDA:0,Input
DA:6,0
LF:1
LH:0
BRF:0
BRH:0
end_of_record
TN:
SF:src\components\ui\label.tsx
FN:6,Label
FNF:1
FNH:0
FNDA:0,Label
DA:10,0
LF:1
LH:0
BRF:0
BRH:0
end_of_record
TN:
SF:src\hooks\useDebounce.ts
FN:3,useDebounce
FN:6,(anonymous_1)
FN:7,(anonymous_2)
FN:11,(anonymous_3)
FNF:4
FNH:4
FNDA:20,useDebounce
FNDA:15,(anonymous_1)
FNDA:5,(anonymous_2)
FNDA:15,(anonymous_3)
DA:4,20
DA:6,20
DA:7,15
DA:8,5
DA:11,15
DA:12,15
DA:16,20
LF:7
LH:7
BRDA:3,0,0,20
BRF:1
BRH:1
end_of_record
TN:
SF:src\hooks\usePagination.ts
FN:21,usePagination
FN:32,(anonymous_1)
FN:44,(anonymous_2)
FN:57,(anonymous_3)
FN:61,(anonymous_4)
FN:69,(anonymous_5)
FNF:6
FNH:0
FNDA:0,usePagination
FNDA:0,(anonymous_1)
FNDA:0,(anonymous_2)
FNDA:0,(anonymous_3)
FNDA:0,(anonymous_4)
FNDA:0,(anonymous_5)
DA:25,0
DA:26,0
DA:27,0
DA:28,0
DA:29,0
DA:30,0
DA:32,0
DA:33,0
DA:34,0
DA:35,0
DA:37,0
DA:41,0
DA:42,0
DA:44,0
DA:47,0
DA:48,0
DA:50,0
DA:51,0
DA:53,0
DA:57,0
DA:58,0
DA:61,0
DA:62,0
DA:63,0
DA:64,0
DA:65,0
DA:69,0
DA:70,0
DA:71,0
DA:72,0
DA:73,0
DA:74,0
DA:75,0
DA:78,0
LF:34
LH:0
BRDA:23,0,0,0
BRDA:41,1,0,0
BRDA:41,1,1,0
BRDA:51,2,0,0
BRDA:51,2,1,0
BRDA:62,3,0,0
BRDA:62,3,1,0
BRDA:62,4,0,0
BRDA:62,4,1,0
BRF:9
BRH:0
end_of_record
TN:
SF:src\layout\AdminLayout.tsx
FN:6,(anonymous_0)
FN:8,(anonymous_1)
FN:11,(anonymous_2)
FN:16,(anonymous_3)
FN:48,(anonymous_4)
FN:51,(anonymous_5)
FN:65,(anonymous_6)
FNF:7
FNH:0
FNDA:0,(anonymous_0)
FNDA:0,(anonymous_1)
FNDA:0,(anonymous_2)
FNDA:0,(anonymous_3)
FNDA:0,(anonymous_4)
FNDA:0,(anonymous_5)
FNDA:0,(anonymous_6)
DA:6,0
DA:7,0
DA:8,0
DA:9,0
DA:11,0
DA:12,0
DA:13,0
DA:16,0
DA:18,0
DA:28,0
DA:49,0
DA:51,0
DA:65,0
LF:13
LH:0
BRDA:53,0,0,0
BRDA:53,0,1,0
BRF:2
BRH:0
end_of_record
TN:
SF:src\layout\MainLayout.tsx
FN:6,MainLayout
FNF:1
FNH:0
FNDA:0,MainLayout
DA:7,0
LF:1
LH:0
BRF:0
BRH:0
end_of_record
TN:
SF:src\lib\utils.ts
FN:4,cn
FNF:1
FNH:1
FNDA:121,cn
DA:5,121
LF:1
LH:1
BRF:0
BRH:0
end_of_record
TN:
SF:src\pages\AboutPage.tsx
FN:4,AboutPage
FN:88,(anonymous_1)
FN:105,(anonymous_2)
FN:130,(anonymous_3)
FNF:4
FNH:0
FNDA:0,AboutPage
FNDA:0,(anonymous_1)
FNDA:0,(anonymous_2)
FNDA:0,(anonymous_3)
DA:5,0
DA:23,0
DA:50,0
DA:57,0
DA:89,0
DA:106,0
DA:131,0
LF:7
LH:0
BRF:0
BRH:0
end_of_record
TN:
SF:src\pages\AddressPage.tsx
FN:7,AddressPage
FN:23,(anonymous_1)
FN:36,(anonymous_2)
FN:40,(anonymous_3)
FN:65,(anonymous_4)
FN:74,(anonymous_5)
FN:92,(anonymous_6)
FN:107,(anonymous_7)
FN:116,(anonymous_8)
FN:122,(anonymous_9)
FN:129,(anonymous_10)
FN:144,(anonymous_11)
FN:159,(anonymous_12)
FNF:13
FNH:0
FNDA:0,AddressPage
FNDA:0,(anonymous_1)
FNDA:0,(anonymous_2)
FNDA:0,(anonymous_3)
FNDA:0,(anonymous_4)
FNDA:0,(anonymous_5)
FNDA:0,(anonymous_6)
FNDA:0,(anonymous_7)
FNDA:0,(anonymous_8)
FNDA:0,(anonymous_9)
FNDA:0,(anonymous_10)
FNDA:0,(anonymous_11)
FNDA:0,(anonymous_12)
DA:8,0
DA:9,0
DA:10,0
DA:11,0
DA:13,0
DA:23,0
DA:24,0
DA:25,0
DA:27,0
DA:28,0
DA:30,0
DA:32,0
DA:36,0
DA:37,0
DA:40,0
DA:41,0
DA:42,0
DA:43,0
DA:45,0
DA:46,0
DA:55,0
DA:56,0
DA:58,0
DA:59,0
DA:61,0
DA:65,0
DA:66,0
DA:70,0
DA:72,0
DA:73,0
DA:74,0
DA:76,0
DA:77,0
DA:81,0
DA:87,0
DA:92,0
DA:107,0
DA:116,0
DA:122,0
DA:129,0
DA:145,0
DA:159,0
LF:42
LH:0
BRDA:70,0,0,0
BRDA:70,0,1,0
BRDA:81,1,0,0
BRDA:81,1,1,0
BRDA:95,2,0,0
BRDA:95,2,1,0
BRDA:99,3,0,0
BRDA:99,3,1,0
BRDA:132,4,0,0
BRDA:132,4,1,0
BRDA:137,5,0,0
BRDA:137,5,1,0
BRF:12
BRH:0
end_of_record
TN:
SF:src\pages\CartPage.tsx
FN:16,(anonymous_0)
FN:23,(anonymous_1)
FN:27,CartPage
FN:39,(anonymous_3)
FN:47,(anonymous_4)
FN:55,(anonymous_5)
FN:57,(anonymous_6)
FN:93,(anonymous_7)
FN:142,(anonymous_8)
FN:155,(anonymous_9)
FN:165,(anonymous_10)
FN:176,(anonymous_11)
FN:184,(anonymous_12)
FN:191,(anonymous_13)
FN:205,(anonymous_14)
FN:221,(anonymous_15)
FN:232,(anonymous_16)
FN:236,(anonymous_17)
FN:246,(anonymous_18)
FN:272,(anonymous_19)
FNF:20
FNH:0
FNDA:0,(anonymous_0)
FNDA:0,(anonymous_1)
FNDA:0,CartPage
FNDA:0,(anonymous_3)
FNDA:0,(anonymous_4)
FNDA:0,(anonymous_5)
FNDA:0,(anonymous_6)
FNDA:0,(anonymous_7)
FNDA:0,(anonymous_8)
FNDA:0,(anonymous_9)
FNDA:0,(anonymous_10)
FNDA:0,(anonymous_11)
FNDA:0,(anonymous_12)
FNDA:0,(anonymous_13)
FNDA:0,(anonymous_14)
FNDA:0,(anonymous_15)
FNDA:0,(anonymous_16)
FNDA:0,(anonymous_17)
FNDA:0,(anonymous_18)
FNDA:0,(anonymous_19)
DA:13,0
DA:16,0
DA:17,0
DA:23,0
DA:24,0
DA:28,0
DA:29,0
DA:30,0
DA:32,0
DA:33,0
DA:34,0
DA:35,0
DA:36,0
DA:37,0
DA:39,0
DA:40,0
DA:41,0
DA:42,0
DA:44,0
DA:47,0
DA:48,0
DA:49,0
DA:50,0
DA:52,0
DA:55,0
DA:56,0
DA:57,0
DA:58,0
DA:60,0
DA:62,0
DA:64,0
DA:66,0
DA:68,0
DA:69,0
DA:72,0
DA:75,0
DA:77,0
DA:79,0
DA:82,0
DA:85,0
DA:86,0
DA:88,0
DA:93,0
DA:94,0
DA:97,0
DA:98,0
DA:99,0
DA:102,0
DA:103,0
DA:104,0
DA:107,0
DA:108,0
DA:111,0
DA:113,0
DA:116,0
DA:120,0
DA:122,0
DA:124,0
DA:126,0
DA:129,0
DA:130,0
DA:131,0
DA:135,0
DA:136,0
DA:142,0
DA:149,0
DA:155,0
DA:166,0
DA:176,0
DA:184,0
DA:191,0
DA:205,0
DA:221,0
DA:233,0
DA:234,0
DA:235,0
DA:236,0
DA:246,0
DA:272,0
LF:79
LH:0
BRDA:23,0,0,0
BRDA:23,0,1,0
BRDA:40,1,0,0
BRDA:40,1,1,0
BRDA:48,2,0,0
BRDA:48,2,1,0
BRDA:62,3,0,0
BRDA:62,3,1,0
BRDA:62,4,0,0
BRDA:62,4,1,0
BRDA:66,5,0,0
BRDA:66,5,1,0
BRDA:85,6,0,0
BRDA:85,6,1,0
BRDA:94,7,0,0
BRDA:94,7,1,0
BRDA:97,8,0,0
BRDA:97,8,1,0
BRDA:97,9,0,0
BRDA:97,9,1,0
BRDA:102,10,0,0
BRDA:102,10,1,0
BRDA:122,11,0,0
BRDA:122,11,1,0
BRDA:122,12,0,0
BRDA:122,12,1,0
BRDA:130,13,0,0
BRDA:130,13,1,0
BRDA:135,14,0,0
BRDA:135,14,1,0
BRDA:135,15,0,0
BRDA:135,15,1,0
BRDA:152,16,0,0
BRDA:152,16,1,0
BRDA:168,17,0,0
BRDA:168,17,1,0
BRDA:177,18,0,0
BRDA:177,18,1,0
BRDA:185,19,0,0
BRDA:185,19,1,0
BRDA:208,20,0,0
BRDA:208,20,1,0
BRDA:212,21,0,0
BRDA:212,21,1,0
BRDA:214,22,0,0
BRDA:214,22,1,0
BRDA:226,23,0,0
BRDA:226,23,1,0
BRDA:238,24,0,0
BRDA:238,24,1,0
BRDA:242,25,0,0
BRDA:242,25,1,0
BRDA:246,26,0,0
BRDA:246,26,1,0
BRDA:250,27,0,0
BRDA:250,27,1,0
BRDA:236,28,0,0
BRDA:236,28,1,0
BRDA:261,29,0,0
BRDA:261,29,1,0
BRDA:265,30,0,0
BRDA:265,30,1,0
BRDA:265,31,0,0
BRDA:265,31,1,0
BRDA:282,32,0,0
BRDA:282,32,1,0
BRDA:285,33,0,0
BRDA:285,33,1,0
BRF:68
BRH:0
end_of_record
TN:
SF:src\pages\CourseContentPage.tsx
FN:28,CourseContentPage
FN:42,(anonymous_1)
FN:43,(anonymous_2)
FN:52,(anonymous_3)
FN:61,(anonymous_4)
FN:72,(anonymous_5)
FN:76,(anonymous_6)
FN:94,(anonymous_7)
FN:99,(anonymous_8)
FN:114,(anonymous_9)
FN:122,(anonymous_10)
FN:124,(anonymous_11)
FN:131,(anonymous_12)
FN:145,(anonymous_13)
FN:159,(anonymous_14)
FN:217,(anonymous_15)
FN:235,(anonymous_16)
FN:252,(anonymous_17)
FN:258,(anonymous_18)
FNF:19
FNH:0
FNDA:0,CourseContentPage
FNDA:0,(anonymous_1)
FNDA:0,(anonymous_2)
FNDA:0,(anonymous_3)
FNDA:0,(anonymous_4)
FNDA:0,(anonymous_5)
FNDA:0,(anonymous_6)
FNDA:0,(anonymous_7)
FNDA:0,(anonymous_8)
FNDA:0,(anonymous_9)
FNDA:0,(anonymous_10)
FNDA:0,(anonymous_11)
FNDA:0,(anonymous_12)
FNDA:0,(anonymous_13)
FNDA:0,(anonymous_14)
FNDA:0,(anonymous_15)
FNDA:0,(anonymous_16)
FNDA:0,(anonymous_17)
FNDA:0,(anonymous_18)
DA:29,0
DA:30,0
DA:31,0
DA:32,0
DA:33,0
DA:34,0
DA:35,0
DA:36,0
DA:37,0
DA:38,0
DA:39,0
DA:40,0
DA:42,0
DA:43,0
DA:44,0
DA:45,0
DA:48,0
DA:49,0
DA:52,0
DA:53,0
DA:56,0
DA:57,0
DA:58,0
DA:59,0
DA:60,0
DA:61,0
DA:62,0
DA:65,0
DA:68,0
DA:71,0
DA:72,0
DA:73,0
DA:76,0
DA:77,0
DA:80,0
DA:81,0
DA:82,0
DA:83,0
DA:84,0
DA:88,0
DA:91,0
DA:94,0
DA:95,0
DA:96,0
DA:99,0
DA:100,0
DA:102,0
DA:103,0
DA:104,0
DA:105,0
DA:108,0
DA:109,0
DA:110,0
DA:114,0
DA:116,0
DA:118,0
DA:122,0
DA:123,0
DA:124,0
DA:125,0
DA:126,0
DA:130,0
DA:131,0
DA:132,0
DA:134,0
DA:140,0
DA:145,0
DA:149,0
DA:151,0
DA:159,0
DA:217,0
DA:235,0
DA:253,0
DA:254,0
DA:255,0
DA:258,0
LF:76
LH:0
BRDA:49,0,0,0
BRDA:49,0,1,0
BRDA:57,1,0,0
BRDA:57,1,1,0
BRDA:60,2,0,0
BRDA:60,2,1,0
BRDA:62,3,0,0
BRDA:62,3,1,0
BRDA:71,4,0,0
BRDA:71,4,1,0
BRDA:73,5,0,0
BRDA:73,5,1,0
BRDA:73,5,2,0
BRDA:77,6,0,0
BRDA:77,6,1,0
BRDA:77,6,2,0
BRDA:81,7,0,0
BRDA:81,7,1,0
BRDA:81,8,0,0
BRDA:81,8,1,0
BRDA:81,8,2,0
BRDA:83,9,0,0
BRDA:83,9,1,0
BRDA:100,10,0,0
BRDA:100,10,1,0
BRDA:100,11,0,0
BRDA:100,11,1,0
BRDA:103,12,0,0
BRDA:103,12,1,0
BRDA:103,13,0,0
BRDA:103,13,1,0
BRDA:123,14,0,0
BRDA:123,14,1,0
BRDA:125,15,0,0
BRDA:125,15,1,0
BRDA:130,16,0,0
BRDA:130,16,1,0
BRDA:131,17,0,0
BRDA:131,17,1,0
BRDA:134,18,0,0
BRDA:134,18,1,0
BRDA:140,19,0,0
BRDA:140,19,1,0
BRDA:157,20,0,0
BRDA:157,20,1,0
BRDA:183,21,0,0
BRDA:183,21,1,0
BRDA:183,21,2,0
BRDA:185,22,0,0
BRDA:185,22,1,0
BRDA:197,23,0,0
BRDA:197,23,1,0
BRDA:204,24,0,0
BRDA:204,24,1,0
BRDA:229,25,0,0
BRDA:229,25,1,0
BRDA:232,26,0,0
BRDA:232,26,1,0
BRDA:238,27,0,0
BRDA:238,27,1,0
BRDA:248,28,0,0
BRDA:248,28,1,0
BRDA:260,29,0,0
BRDA:260,29,1,0
BRDA:267,30,0,0
BRDA:267,30,1,0
BRDA:269,31,0,0
BRDA:269,31,1,0
BRDA:273,32,0,0
BRDA:273,32,1,0
BRDA:276,33,0,0
BRDA:276,33,1,0
BRDA:280,34,0,0
BRDA:280,34,1,0
BRDA:299,35,0,0
BRDA:299,35,1,0
BRDA:300,36,0,0
BRDA:300,36,1,0
BRF:78
BRH:0
end_of_record
TN:
SF:src\pages\CourseDetailsPage.tsx
FN:27,CourseDetailsPage
FN:33,(anonymous_1)
FN:34,(anonymous_2)
FN:83,(anonymous_3)
FNF:4
FNH:0
FNDA:0,CourseDetailsPage
FNDA:0,(anonymous_1)
FNDA:0,(anonymous_2)
FNDA:0,(anonymous_3)
DA:28,0
DA:29,0
DA:30,0
DA:31,0
DA:33,0
DA:34,0
DA:35,0
DA:36,0
DA:37,0
DA:39,0
DA:41,0
DA:44,0
DA:47,0
DA:52,0
DA:54,0
DA:83,0
LF:16
LH:0
BRDA:47,0,0,0
BRDA:47,0,1,0
BRDA:52,1,0,0
BRDA:52,1,1,0
BRDA:84,2,0,0
BRDA:84,2,1,0
BRDA:87,3,0,0
BRDA:87,3,1,0
BRDA:87,4,0,0
BRDA:87,4,1,0
BRF:10
BRH:0
end_of_record
TN:
SF:src\pages\CoursesPage.tsx
FN:15,CoursesPage
FN:39,(anonymous_1)
FN:40,(anonymous_2)
FN:52,(anonymous_3)
FN:65,(anonymous_4)
FN:80,(anonymous_5)
FN:86,(anonymous_6)
FN:96,(anonymous_7)
FN:112,(anonymous_8)
FN:118,(anonymous_9)
FN:125,(anonymous_10)
FN:148,(anonymous_11)
FN:149,(anonymous_12)
FN:152,(anonymous_13)
FN:155,(anonymous_14)
FN:158,(anonymous_15)
FN:161,(anonymous_16)
FN:180,(anonymous_17)
FN:184,(anonymous_18)
FN:193,(anonymous_19)
FN:209,(anonymous_20)
FN:251,(anonymous_21)
FNF:22
FNH:0
FNDA:0,CoursesPage
FNDA:0,(anonymous_1)
FNDA:0,(anonymous_2)
FNDA:0,(anonymous_3)
FNDA:0,(anonymous_4)
FNDA:0,(anonymous_5)
FNDA:0,(anonymous_6)
FNDA:0,(anonymous_7)
FNDA:0,(anonymous_8)
FNDA:0,(anonymous_9)
FNDA:0,(anonymous_10)
FNDA:0,(anonymous_11)
FNDA:0,(anonymous_12)
FNDA:0,(anonymous_13)
FNDA:0,(anonymous_14)
FNDA:0,(anonymous_15)
FNDA:0,(anonymous_16)
FNDA:0,(anonymous_17)
FNDA:0,(anonymous_18)
FNDA:0,(anonymous_19)
FNDA:0,(anonymous_20)
FNDA:0,(anonymous_21)
DA:16,0
DA:19,0
DA:20,0
DA:21,0
DA:22,0
DA:23,0
DA:24,0
DA:25,0
DA:28,0
DA:29,0
DA:30,0
DA:31,0
DA:32,0
DA:33,0
DA:34,0
DA:36,0
DA:39,0
DA:40,0
DA:41,0
DA:42,0
DA:43,0
DA:45,0
DA:48,0
DA:52,0
DA:53,0
DA:54,0
DA:55,0
DA:56,0
DA:57,0
DA:58,0
DA:59,0
DA:60,0
DA:61,0
DA:65,0
DA:66,0
DA:67,0
DA:68,0
DA:69,0
DA:70,0
DA:71,0
DA:72,0
DA:73,0
DA:75,0
DA:76,0
DA:80,0
DA:81,0
DA:82,0
DA:83,0
DA:84,0
DA:86,0
DA:95,0
DA:96,0
DA:98,0
DA:101,0
DA:102,0
DA:103,0
DA:105,0
DA:107,0
DA:112,0
DA:113,0
DA:114,0
DA:118,0
DA:119,0
DA:120,0
DA:125,0
DA:126,0
DA:127,0
DA:128,0
DA:129,0
DA:130,0
DA:131,0
DA:132,0
DA:133,0
DA:137,0
DA:146,0
DA:147,0
DA:148,0
DA:149,0
DA:151,0
DA:152,0
DA:154,0
DA:155,0
DA:157,0
DA:158,0
DA:160,0
DA:161,0
DA:164,0
DA:180,0
DA:184,0
DA:193,0
DA:210,0
DA:252,0
LF:92
LH:0
BRDA:28,0,0,0
BRDA:28,0,1,0
BRDA:29,1,0,0
BRDA:29,1,1,0
BRDA:30,2,0,0
BRDA:30,2,1,0
BRDA:31,3,0,0
BRDA:31,3,1,0
BRDA:32,4,0,0
BRDA:32,4,1,0
BRDA:33,5,0,0
BRDA:33,5,1,0
BRDA:43,6,0,0
BRDA:43,6,1,0
BRDA:52,7,0,0
BRDA:54,8,0,0
BRDA:54,8,1,0
BRDA:55,9,0,0
BRDA:55,9,1,0
BRDA:56,10,0,0
BRDA:56,10,1,0
BRDA:57,11,0,0
BRDA:57,11,1,0
BRDA:58,12,0,0
BRDA:58,12,1,0
BRDA:59,13,0,0
BRDA:59,13,1,0
BRDA:60,14,0,0
BRDA:60,14,1,0
BRDA:67,15,0,0
BRDA:67,15,1,0
BRDA:68,16,0,0
BRDA:68,16,1,0
BRDA:69,17,0,0
BRDA:69,17,1,0
BRDA:70,18,0,0
BRDA:70,18,1,0
BRDA:71,19,0,0
BRDA:71,19,1,0
BRDA:71,20,0,0
BRDA:71,20,1,0
BRDA:75,21,0,0
BRDA:75,21,1,0
BRDA:80,22,0,0
BRDA:87,23,0,0
BRDA:87,23,1,0
BRDA:87,23,2,0
BRDA:88,24,0,0
BRDA:88,24,1,0
BRDA:89,25,0,0
BRDA:89,25,1,0
BRDA:92,26,0,0
BRDA:92,26,1,0
BRDA:92,27,0,0
BRDA:92,27,1,0
BRDA:92,28,0,0
BRDA:92,28,1,0
BRDA:95,29,0,0
BRDA:95,29,1,0
BRDA:102,30,0,0
BRDA:102,30,1,0
BRDA:119,31,0,0
BRDA:119,31,1,0
BRDA:119,32,0,0
BRDA:119,32,1,0
BRDA:147,33,0,0
BRDA:147,33,1,0
BRDA:151,34,0,0
BRDA:151,34,1,0
BRDA:154,35,0,0
BRDA:154,35,1,0
BRDA:157,36,0,0
BRDA:157,36,1,0
BRDA:160,37,0,0
BRDA:160,37,1,0
BRDA:198,38,0,0
BRDA:198,38,1,0
BRDA:207,39,0,0
BRDA:207,39,1,0
BRDA:224,40,0,0
BRDA:224,40,1,0
BRDA:224,41,0,0
BRDA:224,41,1,0
BRDA:232,42,0,0
BRDA:232,42,1,0
BRDA:232,43,0,0
BRDA:232,43,1,0
BRDA:236,44,0,0
BRDA:236,44,1,0
BRDA:256,45,0,0
BRDA:256,45,1,0
BRDA:263,46,0,0
BRDA:263,46,1,0
BRF:93
BRH:0
end_of_record
TN:
SF:src\pages\DashboardPage.tsx
FN:46,DashboardPage
FN:47,(anonymous_1)
FN:60,(anonymous_2)
FN:61,(anonymous_3)
FN:76,(anonymous_4)
FN:85,(anonymous_5)
FN:93,(anonymous_6)
FN:100,(anonymous_7)
FN:107,(anonymous_8)
FN:110,(anonymous_9)
FN:126,(anonymous_10)
FN:146,(anonymous_11)
FN:161,(anonymous_12)
FN:185,(anonymous_13)
FN:194,(anonymous_14)
FN:202,(anonymous_15)
FN:210,(anonymous_16)
FN:213,(anonymous_17)
FN:237,(anonymous_18)
FN:246,(anonymous_19)
FN:264,(anonymous_20)
FN:274,(anonymous_21)
FN:288,(anonymous_22)
FN:293,(anonymous_23)
FN:336,(anonymous_24)
FN:345,(anonymous_25)
FN:353,(anonymous_26)
FN:361,(anonymous_27)
FN:364,(anonymous_28)
FNF:29
FNH:0
FNDA:0,DashboardPage
FNDA:0,(anonymous_1)
FNDA:0,(anonymous_2)
FNDA:0,(anonymous_3)
FNDA:0,(anonymous_4)
FNDA:0,(anonymous_5)
FNDA:0,(anonymous_6)
FNDA:0,(anonymous_7)
FNDA:0,(anonymous_8)
FNDA:0,(anonymous_9)
FNDA:0,(anonymous_10)
FNDA:0,(anonymous_11)
FNDA:0,(anonymous_12)
FNDA:0,(anonymous_13)
FNDA:0,(anonymous_14)
FNDA:0,(anonymous_15)
FNDA:0,(anonymous_16)
FNDA:0,(anonymous_17)
FNDA:0,(anonymous_18)
FNDA:0,(anonymous_19)
FNDA:0,(anonymous_20)
FNDA:0,(anonymous_21)
FNDA:0,(anonymous_22)
FNDA:0,(anonymous_23)
FNDA:0,(anonymous_24)
FNDA:0,(anonymous_25)
FNDA:0,(anonymous_26)
FNDA:0,(anonymous_27)
FNDA:0,(anonymous_28)
DA:44,0
DA:47,0
DA:48,0
DA:50,0
DA:51,0
DA:52,0
DA:53,0
DA:58,0
DA:60,0
DA:61,0
DA:63,0
DA:71,0
DA:72,0
DA:74,0
DA:76,0
DA:79,0
DA:80,0
DA:81,0
DA:83,0
DA:85,0
DA:88,0
DA:89,0
DA:91,0
DA:93,0
DA:96,0
DA:100,0
DA:101,0
DA:102,0
DA:103,0
DA:107,0
DA:108,0
DA:110,0
DA:111,0
DA:112,0
DA:114,0
DA:116,0
DA:118,0
DA:120,0
DA:122,0
DA:126,0
DA:127,0
DA:128,0
DA:131,0
DA:146,0
DA:161,0
DA:185,0
DA:195,0
DA:202,0
DA:211,0
DA:213,0
DA:237,0
DA:247,0
DA:248,0
DA:265,0
DA:274,0
DA:290,0
DA:295,0
DA:336,0
DA:346,0
DA:353,0
DA:362,0
DA:364,0
LF:62
LH:0
BRDA:71,0,0,0
BRDA:71,0,1,0
BRDA:72,1,0,0
BRDA:72,1,1,0
BRDA:79,2,0,0
BRDA:79,2,1,0
BRDA:80,3,0,0
BRDA:80,3,1,0
BRDA:88,4,0,0
BRDA:88,4,1,0
BRDA:89,5,0,0
BRDA:89,5,1,0
BRDA:101,6,0,0
BRDA:101,6,1,0
BRDA:101,7,0,0
BRDA:101,7,1,0
BRDA:102,8,0,0
BRDA:102,8,1,0
BRDA:102,9,0,0
BRDA:102,9,1,0
BRDA:108,10,0,0
BRDA:108,10,1,0
BRDA:111,11,0,0
BRDA:111,11,1,0
BRDA:112,12,0,0
BRDA:112,12,1,0
BRDA:112,12,2,0
BRDA:112,12,3,0
BRDA:112,12,4,0
BRDA:192,13,0,0
BRDA:192,13,1,0
BRDA:198,14,0,0
BRDA:198,14,1,0
BRDA:254,15,0,0
BRDA:254,15,1,0
BRDA:256,16,0,0
BRDA:256,16,1,0
BRDA:262,17,0,0
BRDA:262,17,1,0
BRDA:268,18,0,0
BRDA:268,18,1,0
BRDA:301,19,0,0
BRDA:301,19,1,0
BRDA:303,20,0,0
BRDA:303,20,1,0
BRDA:343,21,0,0
BRDA:343,21,1,0
BRDA:349,22,0,0
BRDA:349,22,1,0
BRDA:369,23,0,0
BRDA:369,23,1,0
BRDA:370,24,0,0
BRDA:370,24,1,0
BRDA:372,25,0,0
BRDA:372,25,1,0
BRDA:384,26,0,0
BRDA:384,26,1,0
BRF:57
BRH:0
end_of_record
TN:
SF:src\pages\FAQPage.tsx
FN:5,FAQPage
FN:51,(anonymous_1)
FN:63,(anonymous_2)
FN:75,(anonymous_3)
FNF:4
FNH:0
FNDA:0,FAQPage
FNDA:0,(anonymous_1)
FNDA:0,(anonymous_2)
FNDA:0,(anonymous_3)
DA:6,0
DA:8,0
DA:51,0
DA:52,0
DA:55,0
DA:64,0
DA:65,0
DA:66,0
DA:68,0
DA:75,0
LF:10
LH:0
BRDA:52,0,0,0
BRDA:52,0,1,0
BRDA:82,1,0,0
BRDA:82,1,1,0
BRDA:96,2,0,0
BRDA:96,2,1,0
BRF:6
BRH:0
end_of_record
TN:
SF:src\pages\KitDetailsPage.tsx
FN:19,KitDetailsPage
FN:25,(anonymous_1)
FN:29,(anonymous_2)
FN:30,(anonymous_3)
FN:85,(anonymous_4)
FNF:5
FNH:0
FNDA:0,KitDetailsPage
FNDA:0,(anonymous_1)
FNDA:0,(anonymous_2)
FNDA:0,(anonymous_3)
FNDA:0,(anonymous_4)
DA:20,0
DA:21,0
DA:22,0
DA:23,0
DA:25,0
DA:26,0
DA:29,0
DA:30,0
DA:31,0
DA:32,0
DA:33,0
DA:41,0
DA:43,0
DA:46,0
DA:49,0
DA:54,0
DA:56,0
DA:85,0
LF:18
LH:0
BRDA:34,0,0,0
BRDA:34,0,1,0
BRDA:34,0,2,0
BRDA:35,1,0,0
BRDA:35,1,1,0
BRDA:36,2,0,0
BRDA:36,2,1,0
BRDA:37,3,0,0
BRDA:37,3,1,0
BRDA:38,4,0,0
BRDA:38,4,1,0
BRDA:49,5,0,0
BRDA:49,5,1,0
BRDA:54,6,0,0
BRDA:54,6,1,0
BRDA:67,7,0,0
BRDA:67,7,1,0
BRDA:80,8,0,0
BRDA:80,8,1,0
BRF:19
BRH:0
end_of_record
TN:
SF:src\pages\KitsPage.tsx
FN:34,KitsPage
FN:57,(anonymous_1)
FN:62,(anonymous_2)
FN:63,(anonymous_3)
FN:75,(anonymous_4)
FN:93,(anonymous_5)
FN:110,(anonymous_6)
FN:124,(anonymous_7)
FN:139,(anonymous_8)
FN:154,(anonymous_9)
FN:160,(anonymous_10)
FN:166,(anonymous_11)
FN:187,(anonymous_12)
FN:190,(anonymous_13)
FN:196,(anonymous_14)
FN:202,(anonymous_15)
FN:208,(anonymous_16)
FN:214,(anonymous_17)
FN:218,(anonymous_18)
FN:252,(anonymous_19)
FN:258,(anonymous_20)
FN:268,(anonymous_21)
FN:285,(anonymous_22)
FN:325,(anonymous_23)
FNF:24
FNH:0
FNDA:0,KitsPage
FNDA:0,(anonymous_1)
FNDA:0,(anonymous_2)
FNDA:0,(anonymous_3)
FNDA:0,(anonymous_4)
FNDA:0,(anonymous_5)
FNDA:0,(anonymous_6)
FNDA:0,(anonymous_7)
FNDA:0,(anonymous_8)
FNDA:0,(anonymous_9)
FNDA:0,(anonymous_10)
FNDA:0,(anonymous_11)
FNDA:0,(anonymous_12)
FNDA:0,(anonymous_13)
FNDA:0,(anonymous_14)
FNDA:0,(anonymous_15)
FNDA:0,(anonymous_16)
FNDA:0,(anonymous_17)
FNDA:0,(anonymous_18)
FNDA:0,(anonymous_19)
FNDA:0,(anonymous_20)
FNDA:0,(anonymous_21)
FNDA:0,(anonymous_22)
FNDA:0,(anonymous_23)
DA:35,0
DA:36,0
DA:39,0
DA:40,0
DA:41,0
DA:42,0
DA:43,0
DA:46,0
DA:47,0
DA:48,0
DA:49,0
DA:50,0
DA:51,0
DA:52,0
DA:53,0
DA:54,0
DA:55,0
DA:57,0
DA:58,0
DA:62,0
DA:63,0
DA:64,0
DA:65,0
DA:66,0
DA:68,0
DA:71,0
DA:75,0
DA:76,0
DA:77,0
DA:78,0
DA:79,0
DA:80,0
DA:81,0
DA:82,0
DA:84,0
DA:85,0
DA:86,0
DA:87,0
DA:88,0
DA:89,0
DA:90,0
DA:93,0
DA:94,0
DA:99,0
DA:100,0
DA:101,0
DA:102,0
DA:103,0
DA:104,0
DA:105,0
DA:107,0
DA:110,0
DA:111,0
DA:113,0
DA:114,0
DA:115,0
DA:116,0
DA:117,0
DA:118,0
DA:119,0
DA:121,0
DA:124,0
DA:126,0
DA:127,0
DA:128,0
DA:130,0
DA:132,0
DA:133,0
DA:134,0
DA:135,0
DA:136,0
DA:138,0
DA:139,0
DA:141,0
DA:144,0
DA:145,0
DA:147,0
DA:149,0
DA:154,0
DA:155,0
DA:156,0
DA:157,0
DA:160,0
DA:161,0
DA:162,0
DA:163,0
DA:166,0
DA:167,0
DA:168,0
DA:169,0
DA:170,0
DA:171,0
DA:172,0
DA:173,0
DA:174,0
DA:175,0
DA:178,0
DA:185,0
DA:186,0
DA:187,0
DA:188,0
DA:190,0
DA:193,0
DA:194,0
DA:196,0
DA:199,0
DA:200,0
DA:202,0
DA:205,0
DA:206,0
DA:208,0
DA:211,0
DA:212,0
DA:214,0
DA:218,0
DA:219,0
DA:220,0
DA:227,0
DA:233,0
DA:253,0
DA:254,0
DA:258,0
DA:268,0
DA:286,0
DA:326,0
LF:125
LH:0
BRDA:66,0,0,0
BRDA:66,0,1,0
BRDA:84,1,0,0
BRDA:84,1,1,0
BRDA:85,2,0,0
BRDA:85,2,1,0
BRDA:86,3,0,0
BRDA:86,3,1,0
BRDA:87,4,0,0
BRDA:87,4,1,0
BRDA:88,5,0,0
BRDA:88,5,1,0
BRDA:89,6,0,0
BRDA:89,6,1,0
BRDA:90,7,0,0
BRDA:90,7,1,0
BRDA:99,8,0,0
BRDA:99,8,1,0
BRDA:100,9,0,0
BRDA:100,9,1,0
BRDA:101,10,0,0
BRDA:101,10,1,0
BRDA:102,11,0,0
BRDA:102,11,1,0
BRDA:103,12,0,0
BRDA:103,12,1,0
BRDA:104,13,0,0
BRDA:104,13,1,0
BRDA:105,14,0,0
BRDA:105,14,1,0
BRDA:113,15,0,0
BRDA:113,15,1,0
BRDA:114,16,0,0
BRDA:114,16,1,0
BRDA:115,17,0,0
BRDA:115,17,1,0
BRDA:116,18,0,0
BRDA:116,18,1,0
BRDA:117,19,0,0
BRDA:117,19,1,0
BRDA:118,20,0,0
BRDA:118,20,1,0
BRDA:119,21,0,0
BRDA:119,21,1,0
BRDA:124,22,0,0
BRDA:126,23,0,0
BRDA:126,23,1,0
BRDA:126,24,0,0
BRDA:126,24,1,0
BRDA:126,24,2,0
BRDA:138,25,0,0
BRDA:138,25,1,0
BRDA:179,26,0,0
BRDA:179,26,1,0
BRDA:180,27,0,0
BRDA:180,27,1,0
BRDA:181,28,0,0
BRDA:181,28,1,0
BRDA:182,29,0,0
BRDA:182,29,1,0
BRDA:183,30,0,0
BRDA:183,30,1,0
BRDA:186,31,0,0
BRDA:186,31,1,0
BRDA:189,32,0,0
BRDA:189,32,1,0
BRDA:193,33,0,0
BRDA:193,33,1,0
BRDA:199,34,0,0
BRDA:199,34,1,0
BRDA:205,35,0,0
BRDA:205,35,1,0
BRDA:211,36,0,0
BRDA:211,36,1,0
BRDA:273,37,0,0
BRDA:273,37,1,0
BRDA:283,38,0,0
BRDA:283,38,1,0
BRDA:307,39,0,0
BRDA:307,39,1,0
BRDA:307,40,0,0
BRDA:307,40,1,0
BRDA:311,41,0,0
BRDA:311,41,1,0
BRDA:316,42,0,0
BRDA:316,42,1,0
BRDA:330,43,0,0
BRDA:330,43,1,0
BRDA:337,44,0,0
BRDA:337,44,1,0
BRF:90
BRH:0
end_of_record
TN:
SF:src\pages\LoginPages.tsx
FN:11,LoginPage
FN:16,(anonymous_1)
FN:19,(anonymous_2)
FN:78,(anonymous_3)
FN:89,(anonymous_4)
FNF:5
FNH:0
FNDA:0,LoginPage
FNDA:0,(anonymous_1)
FNDA:0,(anonymous_2)
FNDA:0,(anonymous_3)
FNDA:0,(anonymous_4)
DA:12,0
DA:13,0
DA:14,0
DA:16,0
DA:17,0
DA:19,0
DA:20,0
DA:21,0
DA:22,0
DA:23,0
DA:25,0
DA:27,0
DA:29,0
DA:30,0
DA:33,0
DA:35,0
DA:37,0
DA:46,0
DA:47,0
DA:49,0
DA:52,0
DA:53,0
DA:54,0
DA:56,0
DA:60,0
DA:78,0
DA:89,0
LF:27
LH:0
BRDA:27,0,0,0
BRDA:27,0,1,0
BRDA:27,1,0,0
BRDA:27,1,1,0
BRDA:29,2,0,0
BRDA:29,2,1,0
BRDA:33,3,0,0
BRDA:33,3,1,0
BRDA:35,4,0,0
BRDA:35,4,1,0
BRDA:35,4,2,0
BRDA:39,5,0,0
BRDA:39,5,1,0
BRDA:39,5,2,0
BRDA:39,5,3,0
BRDA:41,6,0,0
BRDA:41,6,1,0
BRDA:41,6,2,0
BRDA:42,7,0,0
BRDA:42,7,1,0
BRDA:42,7,2,0
BRDA:46,8,0,0
BRDA:46,8,1,0
BRDA:53,9,0,0
BRDA:53,9,1,0
BRDA:53,9,2,0
BRDA:99,10,0,0
BRDA:99,10,1,0
BRF:28
BRH:0
end_of_record
TN:
SF:src\pages\MyCoursesPage.tsx
FN:25,MyCoursesPage
FN:29,(anonymous_1)
FN:30,(anonymous_2)
FN:58,(anonymous_3)
FN:93,(anonymous_4)
FNF:5
FNH:0
FNDA:0,MyCoursesPage
FNDA:0,(anonymous_1)
FNDA:0,(anonymous_2)
FNDA:0,(anonymous_3)
FNDA:0,(anonymous_4)
DA:26,0
DA:27,0
DA:29,0
DA:30,0
DA:43,0
DA:59,0
DA:93,0
LF:7
LH:0
BRDA:31,0,0,0
BRDA:31,0,1,0
BRDA:32,1,0,0
BRDA:32,1,1,0
BRDA:33,2,0,0
BRDA:33,2,1,0
BRDA:33,2,2,0
BRDA:34,3,0,0
BRDA:34,3,1,0
BRDA:35,4,0,0
BRDA:35,4,1,0
BRDA:36,5,0,0
BRDA:36,5,1,0
BRDA:37,6,0,0
BRDA:37,6,1,0
BRDA:38,7,0,0
BRDA:38,7,1,0
BRDA:47,8,0,0
BRDA:47,8,1,0
BRDA:47,9,0,0
BRDA:47,9,1,0
BRDA:51,10,0,0
BRDA:51,10,1,0
BRDA:63,11,0,0
BRDA:63,11,1,0
BRDA:71,12,0,0
BRDA:71,12,1,0
BRDA:86,13,0,0
BRDA:86,13,1,0
BRDA:95,14,0,0
BRDA:95,14,1,0
BRDA:95,15,0,0
BRDA:95,15,1,0
BRDA:102,16,0,0
BRDA:102,16,1,0
BRDA:109,17,0,0
BRDA:109,17,1,0
BRF:37
BRH:0
end_of_record
TN:
SF:src\pages\MyOrdersPage.tsx
FN:16,MyOrdersPage
FN:22,(anonymous_1)
FN:37,(anonymous_2)
FN:55,(anonymous_3)
FN:64,(anonymous_4)
FN:103,(anonymous_5)
FN:122,(anonymous_6)
FNF:7
FNH:0
FNDA:0,MyOrdersPage
FNDA:0,(anonymous_1)
FNDA:0,(anonymous_2)
FNDA:0,(anonymous_3)
FNDA:0,(anonymous_4)
FNDA:0,(anonymous_5)
FNDA:0,(anonymous_6)
DA:17,0
DA:18,0
DA:19,0
DA:20,0
DA:22,0
DA:24,0
DA:25,0
DA:27,0
DA:31,0
DA:37,0
DA:55,0
DA:65,0
DA:104,0
DA:122,0
LF:14
LH:0
BRDA:24,0,0,0
BRDA:24,0,1,0
BRDA:34,1,0,0
BRDA:34,1,1,0
BRDA:45,2,0,0
BRDA:45,2,1,0
BRDA:45,3,0,0
BRDA:45,3,1,0
BRDA:49,4,0,0
BRDA:49,4,1,0
BRDA:97,5,0,0
BRDA:97,5,1,0
BRDA:116,6,0,0
BRDA:116,6,1,0
BRDA:142,7,0,0
BRDA:142,7,1,0
BRDA:144,8,0,0
BRDA:144,8,1,0
BRDA:170,9,0,0
BRDA:170,9,1,0
BRDA:177,10,0,0
BRDA:177,10,1,0
BRF:22
BRH:0
end_of_record
TN:
SF:src\pages\PaymentCancel.tsx
FN:4,PaymentCancel
FN:7,(anonymous_1)
FNF:2
FNH:0
FNDA:0,PaymentCancel
FNDA:0,(anonymous_1)
DA:5,0
DA:7,0
DA:9,0
DA:12,0
LF:4
LH:0
BRF:0
BRH:0
end_of_record
TN:
SF:src\pages\PaymentSuccess.tsx
FN:8,PaymentSuccess
FN:17,(anonymous_1)
FN:18,(anonymous_2)
FN:61,(anonymous_3)
FN:106,(anonymous_4)
FN:127,(anonymous_5)
FNF:6
FNH:0
FNDA:0,PaymentSuccess
FNDA:0,(anonymous_1)
FNDA:0,(anonymous_2)
FNDA:0,(anonymous_3)
FNDA:0,(anonymous_4)
FNDA:0,(anonymous_5)
DA:9,0
DA:10,0
DA:11,0
DA:13,0
DA:14,0
DA:15,0
DA:17,0
DA:18,0
DA:19,0
DA:22,0
DA:23,0
DA:24,0
DA:25,0
DA:29,0
DA:30,0
DA:31,0
DA:33,0
DA:35,0
DA:36,0
DA:39,0
DA:41,0
DA:43,0
DA:44,0
DA:45,0
DA:46,0
DA:50,0
DA:53,0
DA:54,0
DA:55,0
DA:58,0
DA:61,0
DA:62,0
DA:66,0
DA:67,0
DA:68,0
DA:75,0
DA:78,0
DA:79,0
DA:94,0
DA:95,0
DA:106,0
DA:116,0
DA:127,0
LF:43
LH:0
BRDA:22,0,0,0
BRDA:22,0,1,0
BRDA:29,1,0,0
BRDA:29,1,1,0
BRDA:43,2,0,0
BRDA:43,2,1,0
BRDA:69,3,0,0
BRDA:69,3,1,0
BRDA:78,4,0,0
BRDA:78,4,1,0
BRDA:94,5,0,0
BRDA:94,5,1,0
BRF:12
BRH:0
end_of_record
TN:
SF:src\pages\RegisterPage.tsx
FN:10,RegisterPage
FN:22,(anonymous_1)
FN:70,(anonymous_2)
FN:80,(anonymous_3)
FN:93,(anonymous_4)
FN:105,(anonymous_5)
FN:116,(anonymous_6)
FNF:7
FNH:0
FNDA:0,RegisterPage
FNDA:0,(anonymous_1)
FNDA:0,(anonymous_2)
FNDA:0,(anonymous_3)
FNDA:0,(anonymous_4)
FNDA:0,(anonymous_5)
FNDA:0,(anonymous_6)
DA:11,0
DA:19,0
DA:20,0
DA:22,0
DA:23,0
DA:25,0
DA:26,0
DA:27,0
DA:30,0
DA:31,0
DA:33,0
DA:41,0
DA:42,0
DA:44,0
DA:46,0
DA:50,0
DA:70,0
DA:80,0
DA:93,0
DA:105,0
DA:116,0
LF:21
LH:0
BRDA:25,0,0,0
BRDA:25,0,1,0
BRDA:126,1,0,0
BRDA:126,1,1,0
BRF:4
BRH:0
end_of_record
TN:
SF:src\pages\SearchResultsPage.tsx
FN:24,SearchResultsPage
FN:39,(anonymous_1)
FN:45,(anonymous_2)
FN:54,(anonymous_3)
FN:74,(anonymous_4)
FN:103,(anonymous_5)
FN:110,(anonymous_6)
FN:117,(anonymous_7)
FN:156,(anonymous_8)
FN:166,(anonymous_9)
FN:176,(anonymous_10)
FN:221,(anonymous_11)
FN:262,(anonymous_12)
FNF:13
FNH:0
FNDA:0,SearchResultsPage
FNDA:0,(anonymous_1)
FNDA:0,(anonymous_2)
FNDA:0,(anonymous_3)
FNDA:0,(anonymous_4)
FNDA:0,(anonymous_5)
FNDA:0,(anonymous_6)
FNDA:0,(anonymous_7)
FNDA:0,(anonymous_8)
FNDA:0,(anonymous_9)
FNDA:0,(anonymous_10)
FNDA:0,(anonymous_11)
FNDA:0,(anonymous_12)
DA:25,0
DA:26,0
DA:27,0
DA:29,0
DA:30,0
DA:31,0
DA:32,0
DA:33,0
DA:34,0
DA:35,0
DA:37,0
DA:39,0
DA:40,0
DA:41,0
DA:45,0
DA:46,0
DA:47,0
DA:48,0
DA:51,0
DA:54,0
DA:55,0
DA:56,0
DA:57,0
DA:59,0
DA:68,0
DA:69,0
DA:70,0
DA:71,0
DA:74,0
DA:75,0
DA:77,0
DA:95,0
DA:96,0
DA:98,0
DA:99,0
DA:103,0
DA:104,0
DA:105,0
DA:106,0
DA:107,0
DA:110,0
DA:111,0
DA:112,0
DA:113,0
DA:114,0
DA:117,0
DA:118,0
DA:119,0
DA:120,0
DA:121,0
DA:124,0
DA:125,0
DA:138,0
DA:139,0
DA:140,0
DA:141,0
DA:143,0
DA:156,0
DA:166,0
DA:176,0
DA:222,0
DA:263,0
LF:62
LH:0
BRDA:26,0,0,0
BRDA:26,0,1,0
BRDA:27,1,0,0
BRDA:27,1,1,0
BRDA:40,2,0,0
BRDA:40,2,1,0
BRDA:46,3,0,0
BRDA:46,3,1,0
BRDA:56,4,0,0
BRDA:56,4,1,0
BRDA:63,5,0,0
BRDA:63,5,1,0
BRDA:68,6,0,0
BRDA:68,6,1,0
BRDA:68,7,0,0
BRDA:68,7,1,0
BRDA:75,8,0,0
BRDA:75,8,1,0
BRDA:81,9,0,0
BRDA:81,9,1,0
BRDA:87,10,0,0
BRDA:87,10,1,0
BRDA:124,11,0,0
BRDA:124,11,1,0
BRDA:138,12,0,0
BRDA:138,12,1,0
BRDA:139,13,0,0
BRDA:139,13,1,0
BRDA:140,14,0,0
BRDA:140,14,1,0
BRDA:141,15,0,0
BRDA:141,15,1,0
BRDA:149,16,0,0
BRDA:149,16,1,0
BRDA:149,17,0,0
BRDA:149,17,1,0
BRDA:158,18,0,0
BRDA:158,18,1,0
BRDA:168,19,0,0
BRDA:168,19,1,0
BRDA:173,20,0,0
BRDA:173,20,1,0
BRDA:178,21,0,0
BRDA:178,21,1,0
BRDA:183,22,0,0
BRDA:183,22,1,0
BRDA:188,23,0,0
BRDA:188,23,1,0
BRDA:196,24,0,0
BRDA:196,24,1,0
BRDA:203,25,0,0
BRDA:203,25,1,0
BRDA:203,25,2,0
BRDA:203,25,3,0
BRDA:206,26,0,0
BRDA:206,26,1,0
BRDA:206,26,2,0
BRDA:217,27,0,0
BRDA:217,27,1,0
BRDA:217,27,2,0
BRDA:227,28,0,0
BRDA:227,28,1,0
BRDA:230,29,0,0
BRDA:230,29,1,0
BRDA:236,30,0,0
BRDA:236,30,1,0
BRDA:243,31,0,0
BRDA:243,31,1,0
BRDA:258,32,0,0
BRDA:258,32,1,0
BRDA:258,32,2,0
BRDA:268,33,0,0
BRDA:268,33,1,0
BRDA:270,34,0,0
BRDA:270,34,1,0
BRDA:276,35,0,0
BRDA:276,35,1,0
BRDA:283,36,0,0
BRDA:283,36,1,0
BRF:79
BRH:0
end_of_record
TN:
SF:src\pages\admin\AdminCategories.tsx
FN:15,(anonymous_0)
FN:28,(anonymous_1)
FN:44,(anonymous_2)
FN:48,(anonymous_3)
FN:63,(anonymous_4)
FN:75,(anonymous_5)
FN:86,(anonymous_6)
FN:128,(anonymous_7)
FN:176,(anonymous_8)
FN:188,(anonymous_9)
FN:207,(anonymous_10)
FN:219,(anonymous_11)
FN:242,(anonymous_12)
FN:256,(anonymous_13)
FN:266,(anonymous_14)
FNF:15
FNH:0
FNDA:0,(anonymous_0)
FNDA:0,(anonymous_1)
FNDA:0,(anonymous_2)
FNDA:0,(anonymous_3)
FNDA:0,(anonymous_4)
FNDA:0,(anonymous_5)
FNDA:0,(anonymous_6)
FNDA:0,(anonymous_7)
FNDA:0,(anonymous_8)
FNDA:0,(anonymous_9)
FNDA:0,(anonymous_10)
FNDA:0,(anonymous_11)
FNDA:0,(anonymous_12)
FNDA:0,(anonymous_13)
FNDA:0,(anonymous_14)
DA:15,0
DA:16,0
DA:17,0
DA:18,0
DA:19,0
DA:20,0
DA:21,0
DA:22,0
DA:23,0
DA:24,0
DA:25,0
DA:26,0
DA:28,0
DA:29,0
DA:30,0
DA:31,0
DA:32,0
DA:33,0
DA:34,0
DA:35,0
DA:37,0
DA:38,0
DA:40,0
DA:44,0
DA:45,0
DA:48,0
DA:49,0
DA:51,0
DA:52,0
DA:53,0
DA:56,0
DA:57,0
DA:58,0
DA:59,0
DA:60,0
DA:61,0
DA:62,0
DA:63,0
DA:65,0
DA:66,0
DA:71,0
DA:75,0
DA:76,0
DA:80,0
DA:82,0
DA:83,0
DA:84,0
DA:85,0
DA:86,0
DA:88,0
DA:89,0
DA:96,0
DA:97,0
DA:104,0
DA:105,0
DA:115,0
DA:128,0
DA:177,0
DA:188,0
DA:208,0
DA:209,0
DA:220,0
DA:221,0
DA:222,0
DA:242,0
DA:256,0
DA:267,0
DA:268,0
DA:269,0
LF:69
LH:0
BRDA:28,0,0,0
BRDA:38,1,0,0
BRDA:38,1,1,0
BRDA:51,2,0,0
BRDA:51,2,1,0
BRDA:51,3,0,0
BRDA:51,3,1,0
BRDA:68,4,0,0
BRDA:68,4,1,0
BRDA:80,5,0,0
BRDA:80,5,1,0
BRDA:91,6,0,0
BRDA:91,6,1,0
BRDA:96,7,0,0
BRDA:96,7,1,0
BRDA:104,8,0,0
BRDA:104,8,1,0
BRDA:136,9,0,0
BRDA:136,9,1,0
BRDA:139,10,0,0
BRDA:139,10,1,0
BRDA:169,11,0,0
BRDA:169,11,1,0
BRDA:215,12,0,0
BRDA:215,12,1,0
BRDA:281,13,0,0
BRDA:281,13,1,0
BRF:27
BRH:0
end_of_record
TN:
SF:src\pages\admin\AdminCourses.tsx
FN:29,(anonymous_0)
FN:51,(anonymous_1)
FN:68,(anonymous_2)
FN:70,(anonymous_3)
FN:82,(anonymous_4)
FN:86,(anonymous_5)
FN:118,(anonymous_6)
FN:130,(anonymous_7)
FN:141,(anonymous_8)
FN:183,(anonymous_9)
FN:226,(anonymous_10)
FN:253,(anonymous_11)
FN:272,(anonymous_12)
FN:284,(anonymous_13)
FN:316,(anonymous_14)
FN:330,(anonymous_15)
FN:335,(anonymous_16)
FN:351,(anonymous_17)
FN:366,(anonymous_18)
FN:385,(anonymous_19)
FN:397,(anonymous_20)
FN:413,(anonymous_21)
FN:422,(anonymous_22)
FNF:23
FNH:0
FNDA:0,(anonymous_0)
FNDA:0,(anonymous_1)
FNDA:0,(anonymous_2)
FNDA:0,(anonymous_3)
FNDA:0,(anonymous_4)
FNDA:0,(anonymous_5)
FNDA:0,(anonymous_6)
FNDA:0,(anonymous_7)
FNDA:0,(anonymous_8)
FNDA:0,(anonymous_9)
FNDA:0,(anonymous_10)
FNDA:0,(anonymous_11)
FNDA:0,(anonymous_12)
FNDA:0,(anonymous_13)
FNDA:0,(anonymous_14)
FNDA:0,(anonymous_15)
FNDA:0,(anonymous_16)
FNDA:0,(anonymous_17)
FNDA:0,(anonymous_18)
FNDA:0,(anonymous_19)
FNDA:0,(anonymous_20)
FNDA:0,(anonymous_21)
FNDA:0,(anonymous_22)
DA:29,0
DA:30,0
DA:31,0
DA:32,0
DA:33,0
DA:34,0
DA:35,0
DA:36,0
DA:37,0
DA:38,0
DA:39,0
DA:48,0
DA:49,0
DA:51,0
DA:52,0
DA:53,0
DA:54,0
DA:55,0
DA:60,0
DA:61,0
DA:63,0
DA:64,0
DA:65,0
DA:68,0
DA:70,0
DA:73,0
DA:75,0
DA:76,0
DA:78,0
DA:82,0
DA:83,0
DA:86,0
DA:87,0
DA:89,0
DA:90,0
DA:91,0
DA:94,0
DA:95,0
DA:96,0
DA:106,0
DA:107,0
DA:116,0
DA:117,0
DA:118,0
DA:120,0
DA:121,0
DA:126,0
DA:130,0
DA:131,0
DA:135,0
DA:137,0
DA:138,0
DA:139,0
DA:140,0
DA:141,0
DA:143,0
DA:144,0
DA:151,0
DA:152,0
DA:159,0
DA:160,0
DA:170,0
DA:183,0
DA:227,0
DA:253,0
DA:273,0
DA:274,0
DA:285,0
DA:286,0
DA:295,0
DA:316,0
DA:330,0
DA:336,0
DA:351,0
DA:366,0
DA:385,0
DA:397,0
DA:413,0
DA:423,0
DA:424,0
DA:433,0
LF:81
LH:0
BRDA:51,0,0,0
BRDA:70,1,0,0
BRDA:70,1,1,0
BRDA:76,2,0,0
BRDA:76,2,1,0
BRDA:89,3,0,0
BRDA:89,3,1,0
BRDA:89,4,0,0
BRDA:89,4,1,0
BRDA:89,4,2,0
BRDA:89,4,3,0
BRDA:102,5,0,0
BRDA:102,5,1,0
BRDA:123,6,0,0
BRDA:123,6,1,0
BRDA:135,7,0,0
BRDA:135,7,1,0
BRDA:146,8,0,0
BRDA:146,8,1,0
BRDA:151,9,0,0
BRDA:151,9,1,0
BRDA:159,10,0,0
BRDA:159,10,1,0
BRDA:191,11,0,0
BRDA:191,11,1,0
BRDA:194,12,0,0
BRDA:194,12,1,0
BRDA:219,13,0,0
BRDA:219,13,1,0
BRDA:243,14,0,0
BRDA:243,14,1,0
BRDA:248,15,0,0
BRDA:248,15,1,0
BRDA:280,16,0,0
BRDA:280,16,1,0
BRDA:445,17,0,0
BRDA:445,17,1,0
BRF:37
BRH:0
end_of_record
TN:
SF:src\pages\admin\AdminDashboard.tsx
FN:23,(anonymous_0)
FN:42,(anonymous_1)
FN:55,(anonymous_2)
FN:56,(anonymous_3)
FN:97,(anonymous_4)
FN:129,(anonymous_5)
FN:136,(anonymous_6)
FN:143,(anonymous_7)
FN:150,(anonymous_8)
FN:157,(anonymous_9)
FN:164,(anonymous_10)
FNF:11
FNH:0
FNDA:0,(anonymous_0)
FNDA:0,(anonymous_1)
FNDA:0,(anonymous_2)
FNDA:0,(anonymous_3)
FNDA:0,(anonymous_4)
FNDA:0,(anonymous_5)
FNDA:0,(anonymous_6)
FNDA:0,(anonymous_7)
FNDA:0,(anonymous_8)
FNDA:0,(anonymous_9)
FNDA:0,(anonymous_10)
DA:23,0
DA:24,0
DA:42,0
DA:43,0
DA:44,0
DA:52,0
DA:53,0
DA:55,0
DA:56,0
DA:57,0
DA:58,0
DA:59,0
DA:69,0
DA:78,0
DA:87,0
DA:88,0
DA:90,0
DA:94,0
DA:97,0
DA:99,0
DA:100,0
DA:110,0
DA:129,0
DA:136,0
DA:143,0
DA:150,0
DA:157,0
DA:164,0
LF:28
LH:0
BRDA:31,0,0,0
BRDA:31,0,1,0
BRDA:79,1,0,0
BRDA:79,1,1,0
BRDA:80,2,0,0
BRDA:80,2,1,0
BRDA:81,3,0,0
BRDA:81,3,1,0
BRDA:82,4,0,0
BRDA:82,4,1,0
BRDA:83,5,0,0
BRDA:83,5,1,0
BRDA:84,6,0,0
BRDA:84,6,1,0
BRDA:88,7,0,0
BRDA:88,7,1,0
BRDA:99,8,0,0
BRDA:99,8,1,0
BRF:18
BRH:0
end_of_record
TN:
SF:src\pages\admin\AdminEnrollments.tsx
FN:35,(anonymous_0)
FN:55,(anonymous_1)
FN:75,(anonymous_2)
FN:76,(anonymous_3)
FN:77,(anonymous_4)
FN:99,(anonymous_5)
FN:103,(anonymous_6)
FN:129,(anonymous_7)
FN:141,(anonymous_8)
FN:152,(anonymous_9)
FN:162,(anonymous_10)
FN:171,(anonymous_11)
FN:177,(anonymous_12)
FN:183,(anonymous_13)
FN:230,(anonymous_14)
FN:271,(anonymous_15)
FN:282,(anonymous_16)
FN:298,(anonymous_17)
FN:311,(anonymous_18)
FN:339,(anonymous_19)
FN:344,(anonymous_20)
FN:361,(anonymous_21)
FN:366,(anonymous_22)
FN:378,(anonymous_23)
FNF:24
FNH:0
FNDA:0,(anonymous_0)
FNDA:0,(anonymous_1)
FNDA:0,(anonymous_2)
FNDA:0,(anonymous_3)
FNDA:0,(anonymous_4)
FNDA:0,(anonymous_5)
FNDA:0,(anonymous_6)
FNDA:0,(anonymous_7)
FNDA:0,(anonymous_8)
FNDA:0,(anonymous_9)
FNDA:0,(anonymous_10)
FNDA:0,(anonymous_11)
FNDA:0,(anonymous_12)
FNDA:0,(anonymous_13)
FNDA:0,(anonymous_14)
FNDA:0,(anonymous_15)
FNDA:0,(anonymous_16)
FNDA:0,(anonymous_17)
FNDA:0,(anonymous_18)
FNDA:0,(anonymous_19)
FNDA:0,(anonymous_20)
FNDA:0,(anonymous_21)
FNDA:0,(anonymous_22)
FNDA:0,(anonymous_23)
DA:35,0
DA:36,0
DA:37,0
DA:38,0
DA:39,0
DA:40,0
DA:41,0
DA:42,0
DA:43,0
DA:44,0
DA:45,0
DA:46,0
DA:52,0
DA:53,0
DA:55,0
DA:56,0
DA:57,0
DA:58,0
DA:59,0
DA:65,0
DA:66,0
DA:67,0
DA:69,0
DA:70,0
DA:71,0
DA:72,0
DA:75,0
DA:76,0
DA:77,0
DA:79,0
DA:90,0
DA:92,0
DA:93,0
DA:95,0
DA:99,0
DA:100,0
DA:103,0
DA:104,0
DA:106,0
DA:107,0
DA:108,0
DA:111,0
DA:112,0
DA:113,0
DA:120,0
DA:121,0
DA:127,0
DA:128,0
DA:129,0
DA:131,0
DA:132,0
DA:137,0
DA:141,0
DA:142,0
DA:146,0
DA:148,0
DA:149,0
DA:150,0
DA:151,0
DA:152,0
DA:154,0
DA:155,0
DA:162,0
DA:163,0
DA:164,0
DA:171,0
DA:172,0
DA:173,0
DA:174,0
DA:177,0
DA:178,0
DA:179,0
DA:180,0
DA:183,0
DA:184,0
DA:186,0
DA:188,0
DA:190,0
DA:192,0
DA:194,0
DA:198,0
DA:199,0
DA:206,0
DA:207,0
DA:217,0
DA:230,0
DA:272,0
DA:282,0
DA:299,0
DA:300,0
DA:312,0
DA:313,0
DA:319,0
DA:339,0
DA:345,0
DA:361,0
DA:367,0
DA:379,0
DA:380,0
DA:386,0
LF:100
LH:0
BRDA:55,0,0,0
BRDA:66,1,0,0
BRDA:66,1,1,0
BRDA:67,2,0,0
BRDA:67,2,1,0
BRDA:81,3,0,0
BRDA:81,3,1,0
BRDA:82,4,0,0
BRDA:82,4,1,0
BRDA:82,5,0,0
BRDA:82,5,1,0
BRDA:86,6,0,0
BRDA:86,6,1,0
BRDA:93,7,0,0
BRDA:93,7,1,0
BRDA:106,8,0,0
BRDA:106,8,1,0
BRDA:106,9,0,0
BRDA:106,9,1,0
BRDA:134,10,0,0
BRDA:134,10,1,0
BRDA:146,11,0,0
BRDA:146,11,1,0
BRDA:157,12,0,0
BRDA:157,12,1,0
BRDA:172,13,0,0
BRDA:172,13,1,0
BRDA:173,14,0,0
BRDA:173,14,1,0
BRDA:178,15,0,0
BRDA:178,15,1,0
BRDA:179,16,0,0
BRDA:179,16,1,0
BRDA:184,17,0,0
BRDA:184,17,1,0
BRDA:186,18,0,0
BRDA:186,18,1,0
BRDA:186,18,2,0
BRDA:186,18,3,0
BRDA:198,19,0,0
BRDA:198,19,1,0
BRDA:206,20,0,0
BRDA:206,20,1,0
BRDA:238,21,0,0
BRDA:238,21,1,0
BRDA:241,22,0,0
BRDA:241,22,1,0
BRDA:264,23,0,0
BRDA:264,23,1,0
BRDA:282,24,0,0
BRDA:282,24,1,0
BRDA:282,25,0,0
BRDA:282,25,1,0
BRDA:307,26,0,0
BRDA:307,26,1,0
BRDA:346,27,0,0
BRDA:346,27,1,0
BRDA:346,28,0,0
BRDA:346,28,1,0
BRDA:398,29,0,0
BRDA:398,29,1,0
BRF:61
BRH:0
end_of_record
TN:
SF:src\pages\admin\AdminKits.tsx
FN:29,(anonymous_0)
FN:53,(anonymous_1)
FN:70,(anonymous_2)
FN:72,(anonymous_3)
FN:84,(anonymous_4)
FN:88,(anonymous_5)
FN:102,(anonymous_6)
FN:107,(anonymous_7)
FN:122,(anonymous_8)
FN:128,(anonymous_9)
FN:159,(anonymous_10)
FN:171,(anonymous_11)
FN:182,(anonymous_12)
FN:192,(anonymous_13)
FN:198,(anonymous_14)
FN:277,(anonymous_15)
FN:303,(anonymous_16)
FN:310,(anonymous_17)
FN:327,(anonymous_18)
FN:360,(anonymous_19)
FN:374,(anonymous_20)
FN:379,(anonymous_21)
FN:395,(anonymous_22)
FN:413,(anonymous_23)
FN:429,(anonymous_24)
FN:441,(anonymous_25)
FN:457,(anonymous_26)
FNF:27
FNH:0
FNDA:0,(anonymous_0)
FNDA:0,(anonymous_1)
FNDA:0,(anonymous_2)
FNDA:0,(anonymous_3)
FNDA:0,(anonymous_4)
FNDA:0,(anonymous_5)
FNDA:0,(anonymous_6)
FNDA:0,(anonymous_7)
FNDA:0,(anonymous_8)
FNDA:0,(anonymous_9)
FNDA:0,(anonymous_10)
FNDA:0,(anonymous_11)
FNDA:0,(anonymous_12)
FNDA:0,(anonymous_13)
FNDA:0,(anonymous_14)
FNDA:0,(anonymous_15)
FNDA:0,(anonymous_16)
FNDA:0,(anonymous_17)
FNDA:0,(anonymous_18)
FNDA:0,(anonymous_19)
FNDA:0,(anonymous_20)
FNDA:0,(anonymous_21)
FNDA:0,(anonymous_22)
FNDA:0,(anonymous_23)
FNDA:0,(anonymous_24)
FNDA:0,(anonymous_25)
FNDA:0,(anonymous_26)
DA:29,0
DA:30,0
DA:31,0
DA:32,0
DA:33,0
DA:34,0
DA:35,0
DA:36,0
DA:37,0
DA:38,0
DA:39,0
DA:40,0
DA:41,0
DA:50,0
DA:51,0
DA:53,0
DA:54,0
DA:55,0
DA:56,0
DA:57,0
DA:62,0
DA:63,0
DA:65,0
DA:66,0
DA:67,0
DA:70,0
DA:72,0
DA:75,0
DA:77,0
DA:78,0
DA:80,0
DA:84,0
DA:85,0
DA:88,0
DA:89,0
DA:98,0
DA:99,0
DA:102,0
DA:103,0
DA:104,0
DA:107,0
DA:108,0
DA:117,0
DA:118,0
DA:119,0
DA:122,0
DA:123,0
DA:124,0
DA:125,0
DA:128,0
DA:129,0
DA:131,0
DA:133,0
DA:134,0
DA:137,0
DA:138,0
DA:139,0
DA:149,0
DA:150,0
DA:151,0
DA:153,0
DA:154,0
DA:157,0
DA:158,0
DA:159,0
DA:161,0
DA:162,0
DA:167,0
DA:171,0
DA:172,0
DA:176,0
DA:178,0
DA:179,0
DA:180,0
DA:181,0
DA:182,0
DA:184,0
DA:185,0
DA:192,0
DA:193,0
DA:194,0
DA:195,0
DA:198,0
DA:199,0
DA:202,0
DA:203,0
DA:210,0
DA:211,0
DA:221,0
DA:278,0
DA:303,0
DA:310,0
DA:328,0
DA:329,0
DA:360,0
DA:374,0
DA:380,0
DA:395,0
DA:413,0
DA:429,0
DA:441,0
DA:457,0
LF:102
LH:0
BRDA:53,0,0,0
BRDA:63,1,0,0
BRDA:63,1,1,0
BRDA:72,2,0,0
BRDA:72,2,1,0
BRDA:78,3,0,0
BRDA:78,3,1,0
BRDA:114,4,0,0
BRDA:114,4,1,0
BRDA:131,5,0,0
BRDA:131,5,1,0
BRDA:131,6,0,0
BRDA:131,6,1,0
BRDA:131,6,2,0
BRDA:131,6,3,0
BRDA:131,6,4,0
BRDA:145,7,0,0
BRDA:145,7,1,0
BRDA:149,8,0,0
BRDA:149,8,1,0
BRDA:149,9,0,0
BRDA:149,9,1,0
BRDA:164,10,0,0
BRDA:164,10,1,0
BRDA:164,11,0,0
BRDA:164,11,1,0
BRDA:176,12,0,0
BRDA:176,12,1,0
BRDA:187,13,0,0
BRDA:187,13,1,0
BRDA:193,14,0,0
BRDA:193,14,1,0
BRDA:194,15,0,0
BRDA:194,15,1,0
BRDA:202,16,0,0
BRDA:202,16,1,0
BRDA:210,17,0,0
BRDA:210,17,1,0
BRDA:242,18,0,0
BRDA:242,18,1,0
BRDA:245,19,0,0
BRDA:245,19,1,0
BRDA:270,20,0,0
BRDA:270,20,1,0
BRDA:292,21,0,0
BRDA:292,21,1,0
BRDA:297,22,0,0
BRDA:297,22,1,0
BRDA:336,23,0,0
BRDA:336,23,1,0
BRDA:347,24,0,0
BRDA:347,24,1,0
BRDA:477,25,0,0
BRDA:477,25,1,0
BRDA:477,26,0,0
BRDA:477,26,1,0
BRDA:477,27,0,0
BRDA:477,27,1,0
BRF:58
BRH:0
end_of_record
TN:
SF:src\pages\admin\AdminOrders.tsx
FN:42,(anonymous_0)
FN:57,(anonymous_1)
FN:77,(anonymous_2)
FN:78,(anonymous_3)
FN:98,(anonymous_4)
FN:102,(anonymous_5)
FN:107,(anonymous_6)
FN:111,(anonymous_7)
FN:113,(anonymous_8)
FN:117,(anonymous_9)
FN:118,(anonymous_10)
FN:136,(anonymous_11)
FN:141,(anonymous_12)
FN:148,(anonymous_13)
FN:158,(anonymous_14)
FN:170,(anonymous_15)
FN:179,(anonymous_16)
FN:183,(anonymous_17)
FN:270,(anonymous_18)
FN:278,(anonymous_19)
FN:305,(anonymous_20)
FN:340,(anonymous_21)
FN:370,(anonymous_22)
FNF:23
FNH:0
FNDA:0,(anonymous_0)
FNDA:0,(anonymous_1)
FNDA:0,(anonymous_2)
FNDA:0,(anonymous_3)
FNDA:0,(anonymous_4)
FNDA:0,(anonymous_5)
FNDA:0,(anonymous_6)
FNDA:0,(anonymous_7)
FNDA:0,(anonymous_8)
FNDA:0,(anonymous_9)
FNDA:0,(anonymous_10)
FNDA:0,(anonymous_11)
FNDA:0,(anonymous_12)
FNDA:0,(anonymous_13)
FNDA:0,(anonymous_14)
FNDA:0,(anonymous_15)
FNDA:0,(anonymous_16)
FNDA:0,(anonymous_17)
FNDA:0,(anonymous_18)
FNDA:0,(anonymous_19)
FNDA:0,(anonymous_20)
FNDA:0,(anonymous_21)
FNDA:0,(anonymous_22)
DA:42,0
DA:43,0
DA:44,0
DA:45,0
DA:46,0
DA:47,0
DA:48,0
DA:49,0
DA:50,0
DA:51,0
DA:52,0
DA:53,0
DA:54,0
DA:55,0
DA:57,0
DA:58,0
DA:59,0
DA:60,0
DA:61,0
DA:67,0
DA:68,0
DA:69,0
DA:71,0
DA:72,0
DA:73,0
DA:74,0
DA:77,0
DA:78,0
DA:79,0
DA:89,0
DA:91,0
DA:92,0
DA:94,0
DA:98,0
DA:99,0
DA:102,0
DA:103,0
DA:104,0
DA:105,0
DA:106,0
DA:107,0
DA:109,0
DA:111,0
DA:113,0
DA:117,0
DA:118,0
DA:119,0
DA:126,0
DA:127,0
DA:132,0
DA:136,0
DA:137,0
DA:138,0
DA:140,0
DA:141,0
DA:142,0
DA:143,0
DA:148,0
DA:149,0
DA:150,0
DA:151,0
DA:156,0
DA:157,0
DA:158,0
DA:160,0
DA:161,0
DA:166,0
DA:170,0
DA:171,0
DA:172,0
DA:179,0
DA:180,0
DA:183,0
DA:184,0
DA:186,0
DA:188,0
DA:190,0
DA:192,0
DA:194,0
DA:196,0
DA:200,0
DA:201,0
DA:208,0
DA:209,0
DA:219,0
DA:271,0
DA:278,0
DA:305,0
DA:341,0
DA:371,0
DA:372,0
LF:91
LH:0
BRDA:57,0,0,0
BRDA:68,1,0,0
BRDA:68,1,1,0
BRDA:69,2,0,0
BRDA:69,2,1,0
BRDA:81,3,0,0
BRDA:81,3,1,0
BRDA:82,4,0,0
BRDA:82,4,1,0
BRDA:82,5,0,0
BRDA:82,5,1,0
BRDA:92,6,0,0
BRDA:92,6,1,0
BRDA:109,7,0,0
BRDA:109,7,1,0
BRDA:109,8,0,0
BRDA:109,8,1,0
BRDA:113,9,0,0
BRDA:113,9,1,0
BRDA:119,10,0,0
BRDA:119,10,1,0
BRDA:137,11,0,0
BRDA:137,11,1,0
BRDA:142,12,0,0
BRDA:142,12,1,0
BRDA:163,13,0,0
BRDA:163,13,1,0
BRDA:184,14,0,0
BRDA:184,14,1,0
BRDA:184,14,2,0
BRDA:184,14,3,0
BRDA:184,14,4,0
BRDA:184,14,5,0
BRDA:200,15,0,0
BRDA:200,15,1,0
BRDA:208,16,0,0
BRDA:208,16,1,0
BRDA:234,17,0,0
BRDA:234,17,1,0
BRDA:237,18,0,0
BRDA:237,18,1,0
BRDA:263,19,0,0
BRDA:263,19,1,0
BRDA:281,20,0,0
BRDA:281,20,1,0
BRDA:318,21,0,0
BRDA:318,21,1,0
BRDA:321,22,0,0
BRDA:321,22,1,0
BRDA:325,23,0,0
BRDA:325,23,1,0
BRDA:325,24,0,0
BRDA:325,24,1,0
BRF:53
BRH:0
end_of_record
TN:
SF:src\pages\admin\AdminUsers.tsx
FN:15,(anonymous_0)
FN:24,(anonymous_1)
FN:40,(anonymous_2)
FN:44,(anonymous_3)
FN:50,(anonymous_4)
FN:110,(anonymous_5)
FN:123,(anonymous_6)
FN:152,(anonymous_7)
FN:195,(anonymous_8)
FNF:9
FNH:0
FNDA:0,(anonymous_0)
FNDA:0,(anonymous_1)
FNDA:0,(anonymous_2)
FNDA:0,(anonymous_3)
FNDA:0,(anonymous_4)
FNDA:0,(anonymous_5)
FNDA:0,(anonymous_6)
FNDA:0,(anonymous_7)
FNDA:0,(anonymous_8)
DA:15,0
DA:16,0
DA:17,0
DA:18,0
DA:19,0
DA:20,0
DA:21,0
DA:22,0
DA:24,0
DA:25,0
DA:26,0
DA:27,0
DA:28,0
DA:29,0
DA:30,0
DA:31,0
DA:33,0
DA:34,0
DA:36,0
DA:40,0
DA:41,0
DA:44,0
DA:45,0
DA:50,0
DA:51,0
DA:52,0
DA:54,0
DA:57,0
DA:58,0
DA:65,0
DA:66,0
DA:76,0
DA:110,0
DA:123,0
DA:153,0
DA:196,0
DA:197,0
LF:37
LH:0
BRDA:24,0,0,0
BRDA:34,1,0,0
BRDA:34,1,1,0
BRDA:45,2,0,0
BRDA:45,2,1,0
BRDA:51,3,0,0
BRDA:51,3,1,0
BRDA:51,4,0,0
BRDA:51,4,1,0
BRDA:57,5,0,0
BRDA:57,5,1,0
BRDA:65,6,0,0
BRDA:65,6,1,0
BRDA:145,7,0,0
BRDA:145,7,1,0
BRDA:173,8,0,0
BRDA:173,8,1,0
BRF:17
BRH:0
end_of_record
TN:
SF:src\store\useAuthStore.ts
FN:19,(anonymous_0)
FN:24,(anonymous_1)
FN:30,(anonymous_2)
FNF:3
FNH:3
FNDA:1,(anonymous_0)
FNDA:5,(anonymous_1)
FNDA:2,(anonymous_2)
DA:19,1
DA:25,5
DA:26,5
DA:27,5
DA:31,2
DA:32,2
DA:33,2
DA:35,2
DA:37,2
LF:9
LH:9
BRDA:20,0,0,1
BRDA:20,0,1,1
BRF:2
BRH:2
end_of_record
TN:
SF:src\store\useCartStore.ts
FN:32,(anonymous_0)
FN:36,(anonymous_1)
FN:50,(anonymous_2)
FN:82,(anonymous_3)
FN:91,(anonymous_4)
FN:93,(anonymous_5)
FN:113,(anonymous_6)
FN:117,(anonymous_7)
FN:118,(anonymous_8)
FN:126,(anonymous_9)
FN:136,(anonymous_10)
FN:138,(anonymous_11)
FN:140,(anonymous_12)
FN:143,(anonymous_13)
FNF:14
FNH:0
FNDA:0,(anonymous_0)
FNDA:0,(anonymous_1)
FNDA:0,(anonymous_2)
FNDA:0,(anonymous_3)
FNDA:0,(anonymous_4)
FNDA:0,(anonymous_5)
FNDA:0,(anonymous_6)
FNDA:0,(anonymous_7)
FNDA:0,(anonymous_8)
FNDA:0,(anonymous_9)
FNDA:0,(anonymous_10)
FNDA:0,(anonymous_11)
FNDA:0,(anonymous_12)
FNDA:0,(anonymous_13)
DA:5,0
DA:30,0
DA:32,0
DA:37,0
DA:38,0
DA:39,0
DA:40,0
DA:41,0
DA:42,0
DA:43,0
DA:44,0
DA:45,0
DA:46,0
DA:47,0
DA:50,0
DA:62,0
DA:64,0
DA:65,0
DA:66,0
DA:67,0
DA:68,0
DA:69,0
DA:71,0
DA:72,0
DA:74,0
DA:75,0
DA:78,0
DA:83,0
DA:84,0
DA:85,0
DA:87,0
DA:92,0
DA:93,0
DA:95,0
DA:96,0
DA:97,0
DA:100,0
DA:101,0
DA:103,0
DA:104,0
DA:105,0
DA:108,0
DA:110,0
DA:112,0
DA:113,0
DA:118,0
DA:119,0
DA:121,0
DA:123,0
DA:124,0
DA:125,0
DA:127,0
DA:130,0
DA:132,0
DA:136,0
DA:139,0
DA:140,0
DA:143,0
LF:58
LH:0
BRDA:42,0,0,0
BRDA:42,0,1,0
BRDA:44,1,0,0
BRDA:44,1,1,0
BRDA:44,2,0,0
BRDA:44,2,1,0
BRDA:46,3,0,0
BRDA:46,3,1,0
BRDA:46,4,0,0
BRDA:46,4,1,0
BRDA:51,5,0,0
BRDA:51,5,1,0
BRDA:51,5,2,0
BRDA:53,6,0,0
BRDA:53,6,1,0
BRDA:55,7,0,0
BRDA:55,7,1,0
BRDA:55,7,2,0
BRDA:55,7,3,0
BRDA:56,8,0,0
BRDA:56,8,1,0
BRDA:56,8,2,0
BRDA:57,9,0,0
BRDA:57,9,1,0
BRDA:57,9,2,0
BRDA:59,10,0,0
BRDA:59,10,1,0
BRDA:66,11,0,0
BRDA:66,11,1,0
BRDA:66,12,0,0
BRDA:66,12,1,0
BRDA:67,13,0,0
BRDA:67,13,1,0
BRDA:67,14,0,0
BRDA:67,14,1,0
BRDA:67,14,2,0
BRDA:68,15,0,0
BRDA:68,15,1,0
BRDA:68,16,0,0
BRDA:68,16,1,0
BRDA:68,16,2,0
BRDA:68,16,3,0
BRDA:71,17,0,0
BRDA:71,17,1,0
BRDA:71,18,0,0
BRDA:71,18,1,0
BRDA:74,19,0,0
BRDA:74,19,1,0
BRDA:95,20,0,0
BRDA:95,20,1,0
BRDA:103,21,0,0
BRDA:103,21,1,0
BRDA:119,22,0,0
BRDA:119,22,1,0
BRDA:127,23,0,0
BRDA:127,23,1,0
BRDA:139,24,0,0
BRDA:139,24,1,0
BRF:58
BRH:0
end_of_record
